0.2951 	WARNING 	We strongly recommend you activate the PTB sound engine in PsychoPy prefs as the preferred audio engine. Its timing is vastly superior. Your prefs are currently set to use ['sounddevice', 'PTB', 'pyo', 'pygame'] (in that order).
3.2203 	WARNING 	User requested fullscreen with size [1024  768], but screen is actually [1440, 900]. Using actual size
4.2078 	EXP 	Created window1 = Window(allowGUI=False, allowStencil=False, autoLog=True, backendConf=UNKNOWN, bitsMode=UNKNOWN, blendMode='avg', bpc=(8, 8, 8), color=array([0, 0, 0]), colorSpace='rgb', depthBits=8, fullscr=<method-wrapper '__getattribute__' of attributeSetter object at 0x7fe9d31cec50>, gamma=None, gammaErrorPolicy='raise', lms=UNKNOWN, monitor=<psychopy.monitors.calibTools.Monitor object at 0x7fe9d2faecf8>, multiSample=False, name='window1', numSamples=2, pos=[360.0, 225.0], screen=0, size=array([2880, 1800]), stencilBits=0, stereo=False, units='height', useFBO=True, useRetina=True, viewOri=0.0, viewPos=None, viewScale=None, waitBlanking=True, winType='pyglet')
4.2113 	EXP 	window1: mouseVisible = True
4.2114 	EXP 	window1: recordFrameIntervals = False
4.3735 	EXP 	window1: recordFrameIntervals = True
4.5575 	EXP 	window1: recordFrameIntervals = False
4.8363 	EXP 	Created Instruction = TextStim(__class__=<class 'psychopy.visual.text.TextStim'>, alignHoriz=method-wrapper(...), alignText='center', alignVert=method-wrapper(...), anchorHoriz='center', anchorVert='center', antialias=True, autoLog=True, bold=False, color=array([-1, -1, -1]), colorSpace='rgb', contrast=1.0, depth=0.0, flipHoriz=False, flipVert=False, font='NanumSquare', fontFiles=[], height=0.05, italic=False, languageStyle='LTR', name='Instruction', opacity=1, ori=0.0, pos=array([0., 0.]), rgb=UNKNOWN, text=str(...), units='height', win=Window(...), wrapWidth=1)
5.0167 	EXP 	Created Trial_Instruction = TextStim(__class__=<class 'psychopy.visual.text.TextStim'>, alignHoriz=method-wrapper(...), alignText='center', alignVert=method-wrapper(...), anchorHoriz='center', anchorVert='center', antialias=True, autoLog=True, bold=False, color=array([-1, -1, -1]), colorSpace='rgb', contrast=1.0, depth=0.0, flipHoriz=False, flipVert=False, font='NanumSquare', fontFiles=[], height=0.05, italic=False, languageStyle='LTR', name='Trial_Instruction', opacity=1, ori=0.0, pos=array([0.  , 0.35]), rgb=UNKNOWN, text='카드를 선택해주세요.', units='height', win=Window(...), wrapWidth=1)
5.1484 	EXP 	Created DeckA = ImageStim(__class__=<class 'psychopy.visual.image.ImageStim'>, autoLog=True, color=array([1, 1, 1]), colorSpace='rgb', contrast=1.0, depth=-1.0, flipHoriz=False, flipVert=False, image='images/Card.jpg', interpolate=True, mask=None, maskParams=None, name='DeckA', opacity=1, ori=0.0, pos=array([-0.5,  0. ]), size=array([0.25  , 0.3625]), texRes=128.0, units='height', win=Window(...))
5.2617 	EXP 	Created DeckB = ImageStim(__class__=<class 'psychopy.visual.image.ImageStim'>, autoLog=True, color=array([1, 1, 1]), colorSpace='rgb', contrast=1.0, depth=-2.0, flipHoriz=False, flipVert=False, image='images/Card.jpg', interpolate=True, mask=None, maskParams=None, name='DeckB', opacity=1, ori=0.0, pos=array([-0.17,  0.  ]), size=array([0.25  , 0.3625]), texRes=128.0, units='height', win=Window(...))
5.3698 	EXP 	Created DeckC = ImageStim(__class__=<class 'psychopy.visual.image.ImageStim'>, autoLog=True, color=array([1, 1, 1]), colorSpace='rgb', contrast=1.0, depth=-3.0, flipHoriz=False, flipVert=False, image='images/Card.jpg', interpolate=True, mask=None, maskParams=None, name='DeckC', opacity=1, ori=0.0, pos=array([0.16, 0.  ]), size=array([0.25  , 0.3625]), texRes=128.0, units='height', win=Window(...))
5.4723 	EXP 	Created DeckD = ImageStim(__class__=<class 'psychopy.visual.image.ImageStim'>, autoLog=True, color=array([1, 1, 1]), colorSpace='rgb', contrast=1.0, depth=-4.0, flipHoriz=False, flipVert=False, image='images/Card.jpg', interpolate=True, mask=None, maskParams=None, name='DeckD', opacity=1, ori=0.0, pos=array([0.5, 0. ]), size=array([0.25  , 0.3625]), texRes=128.0, units='height', win=Window(...))
5.4749 	EXP 	Created border = Rect(__class__=<class 'psychopy.visual.rect.Rect'>, autoDraw=False, autoLog=True, closeShape=True, color=method-wrapper(...), colorSpace='rgb', contrast=None, depth=-5.0, fillColor=array([0, 0, 0]), fillColorSpace='rgb', fillRGB=UNKNOWN, interpolate=True, lineColor=array([-1, -1,  1]), lineColorSpace='rgb', lineRGB=UNKNOWN, lineWidth=1.0, name='border', opacity=0.5, ori=0.0, pos=array([0., 0.]), size=array([0.26 , 0.377]), units='height', vertices=ndarray(...), win=Window(...))
5.4749 	EXP 	window1: mouseVisible = True
5.4754 	EXP 	Created totMoney = TextStim(__class__=<class 'psychopy.visual.text.TextStim'>, alignHoriz=method-wrapper(...), alignText='center', alignVert=method-wrapper(...), anchorHoriz='center', anchorVert='center', antialias=True, autoLog=True, bold=False, color=array([-1, -1, -1]), colorSpace='rgb', contrast=1.0, depth=-8.0, flipHoriz=False, flipVert=False, font='NanumSquare', fontFiles=[], height=0.05, italic=False, languageStyle='LTR', name='totMoney', opacity=1, ori=0.0, pos=array([ 0.  , -0.35]), rgb=UNKNOWN, text='', units='height', win=Window(...), wrapWidth=1)
5.4781 	EXP 	Created Nchoice = TextStim(__class__=<class 'psychopy.visual.text.TextStim'>, alignHoriz=method-wrapper(...), alignText='center', alignVert=method-wrapper(...), anchorHoriz='center', anchorVert='center', antialias=True, autoLog=True, bold=False, color=array([-1, -1, -1]), colorSpace='rgb', contrast=1.0, depth=-9.0, flipHoriz=False, flipVert=False, font='Open Sans', fontFiles=[], height=0.05, italic=False, languageStyle='LTR', name='Nchoice', opacity=1, ori=0.0, pos=array([ 0.5, -0.4]), rgb=UNKNOWN, text='', units='height', win=Window(...), wrapWidth=1)
5.4876 	EXP 	Instruction: autoDraw = True
5.7592 	EXP 	Created sequence: random, trialTypes=1, nReps=50, seed=None
5.7598 	EXP 	New trial (rep=0, index=0): None
5.7996 	EXP 	Instruction: autoDraw = False
5.7996 	EXP 	totMoney: text = ' '
5.7996 	EXP 	Nchoice: text = ' '
5.7996 	EXP 	Trial_Instruction: autoDraw = True
5.7996 	EXP 	DeckA: autoDraw = True
5.7996 	EXP 	DeckB: autoDraw = True
5.7996 	EXP 	DeckC: autoDraw = True
5.7996 	EXP 	DeckD: autoDraw = True
5.7996 	EXP 	border: autoDraw = True
5.7996 	EXP 	border: pos = array([0., 0.])
5.7996 	EXP 	totMoney: autoDraw = True
5.7996 	EXP 	Nchoice: autoDraw = True
5.8091 	EXP 	border: pos = array([-0.17,  0.  ])
5.8231 	EXP 	border: pos = array([-0.17,  0.  ])
5.8397 	EXP 	border: pos = array([-0.17,  0.  ])
5.8565 	EXP 	border: pos = array([-0.17,  0.  ])
5.8741 	EXP 	border: pos = array([-0.17,  0.  ])
5.8901 	EXP 	border: pos = array([-0.17,  0.  ])
5.9064 	EXP 	border: pos = array([-0.17,  0.  ])
5.9235 	EXP 	border: pos = array([-0.17,  0.  ])
5.9401 	EXP 	border: pos = array([-0.17,  0.  ])
5.9566 	EXP 	border: pos = array([-0.17,  0.  ])
5.9730 	EXP 	border: pos = array([-0.17,  0.  ])
5.9901 	EXP 	border: pos = array([-0.17,  0.  ])
6.0066 	EXP 	border: pos = array([-0.17,  0.  ])
6.0230 	EXP 	border: pos = array([-0.17,  0.  ])
6.0403 	EXP 	border: pos = array([-0.17,  0.  ])
6.0565 	EXP 	border: pos = array([-0.17,  0.  ])
6.0732 	EXP 	border: pos = array([-0.17,  0.  ])
6.0899 	EXP 	border: pos = array([-0.17,  0.  ])
6.1067 	EXP 	border: pos = array([-0.17,  0.  ])
6.1233 	EXP 	border: pos = array([-0.17,  0.  ])
6.1398 	EXP 	border: pos = array([-0.17,  0.  ])
6.1564 	EXP 	border: pos = array([-0.17,  0.  ])
6.1739 	EXP 	border: pos = array([-0.17,  0.  ])
6.1898 	EXP 	border: pos = array([-0.17,  0.  ])
6.2066 	EXP 	border: pos = array([-0.17,  0.  ])
6.2235 	EXP 	border: pos = array([-0.17,  0.  ])
6.2399 	EXP 	border: pos = array([-0.17,  0.  ])
6.2565 	EXP 	border: pos = array([-0.17,  0.  ])
6.2730 	EXP 	border: pos = array([-0.17,  0.  ])
6.2898 	EXP 	border: pos = array([-0.17,  0.  ])
6.3069 	EXP 	border: pos = array([-0.17,  0.  ])
6.3231 	EXP 	border: pos = array([-0.17,  0.  ])
6.3396 	EXP 	border: pos = array([-0.17,  0.  ])
6.3566 	EXP 	border: pos = array([-0.17,  0.  ])
6.3735 	EXP 	border: pos = array([-0.17,  0.  ])
6.3906 	EXP 	border: pos = array([-0.17,  0.  ])
6.4067 	EXP 	border: pos = array([-0.17,  0.  ])
6.4230 	EXP 	border: pos = array([-0.17,  0.  ])
6.4397 	EXP 	border: pos = array([-0.17,  0.  ])
6.4565 	EXP 	border: pos = array([-0.17,  0.  ])
6.4731 	EXP 	border: pos = array([-0.17,  0.  ])
6.4900 	EXP 	border: pos = array([-0.17,  0.  ])
6.5063 	EXP 	border: pos = array([-0.17,  0.  ])
6.5229 	EXP 	border: pos = array([-0.17,  0.  ])
6.5404 	EXP 	border: pos = array([-0.17,  0.  ])
6.5569 	EXP 	border: pos = array([-0.17,  0.  ])
6.5739 	EXP 	border: pos = array([-0.17,  0.  ])
6.5898 	EXP 	border: pos = array([-0.17,  0.  ])
6.6069 	EXP 	border: pos = array([-0.17,  0.  ])
6.6230 	EXP 	border: pos = array([-0.17,  0.  ])
6.6401 	EXP 	border: pos = array([-0.17,  0.  ])
6.6571 	EXP 	border: pos = array([-0.17,  0.  ])
6.6731 	EXP 	border: pos = array([-0.17,  0.  ])
6.6899 	EXP 	border: pos = array([-0.17,  0.  ])
6.7064 	EXP 	border: pos = array([-0.17,  0.  ])
6.7234 	EXP 	border: pos = array([-0.17,  0.  ])
6.7409 	EXP 	border: pos = array([-0.17,  0.  ])
6.7610 	EXP 	border: pos = array([-0.17,  0.  ])
6.7724 	EXP 	border: pos = array([-0.17,  0.  ])
6.7901 	EXP 	border: pos = array([-0.17,  0.  ])
6.8066 	EXP 	border: pos = array([-0.17,  0.  ])
6.8231 	EXP 	border: pos = array([-0.17,  0.  ])
6.8398 	EXP 	border: pos = array([-0.17,  0.  ])
6.8563 	EXP 	border: pos = array([-0.17,  0.  ])
6.8729 	EXP 	border: pos = array([-0.17,  0.  ])
6.8897 	EXP 	border: pos = array([-0.17,  0.  ])
6.9064 	EXP 	border: pos = array([-0.17,  0.  ])
6.9236 	EXP 	border: pos = array([-0.17,  0.  ])
6.9400 	EXP 	border: pos = array([-0.17,  0.  ])
6.9569 	EXP 	border: pos = array([-0.17,  0.  ])
6.9733 	EXP 	border: pos = array([-0.17,  0.  ])
6.9903 	EXP 	border: pos = array([-0.17,  0.  ])
7.0066 	EXP 	border: pos = array([-0.17,  0.  ])
7.0240 	EXP 	border: pos = array([-0.17,  0.  ])
7.0401 	EXP 	border: pos = array([-0.17,  0.  ])
7.0568 	EXP 	border: pos = array([-0.17,  0.  ])
7.0734 	EXP 	border: pos = array([-0.17,  0.  ])
7.0899 	EXP 	border: pos = array([-0.17,  0.  ])
7.1069 	EXP 	border: pos = array([-0.17,  0.  ])
7.1231 	EXP 	border: pos = array([-0.17,  0.  ])
7.1400 	EXP 	border: pos = array([-0.17,  0.  ])
7.1566 	EXP 	border: pos = array([-0.17,  0.  ])
7.1734 	EXP 	border: pos = array([-0.17,  0.  ])
7.1900 	EXP 	border: pos = array([-0.17,  0.  ])
7.2066 	EXP 	border: pos = array([-0.17,  0.  ])
7.2230 	EXP 	border: pos = array([-0.17,  0.  ])
7.2399 	EXP 	border: pos = array([-0.17,  0.  ])
7.2565 	EXP 	border: pos = array([-0.17,  0.  ])
7.2734 	EXP 	border: pos = array([-0.17,  0.  ])
7.2900 	EXP 	border: pos = array([-0.17,  0.  ])
7.3066 	EXP 	border: pos = array([-0.17,  0.  ])
7.3233 	EXP 	border: pos = array([-0.17,  0.  ])
7.3398 	EXP 	border: pos = array([-0.17,  0.  ])
7.3570 	EXP 	border: pos = array([-0.17,  0.  ])
7.3732 	EXP 	border: pos = array([-0.17,  0.  ])
7.3896 	EXP 	border: pos = array([-0.17,  0.  ])
7.4065 	EXP 	border: pos = array([-0.17,  0.  ])
7.4230 	EXP 	border: pos = array([-0.17,  0.  ])
7.4401 	EXP 	border: pos = array([-0.17,  0.  ])
7.4571 	EXP 	border: pos = array([-0.17,  0.  ])
7.4734 	EXP 	border: pos = array([-0.17,  0.  ])
7.4902 	EXP 	border: pos = array([-0.17,  0.  ])
7.5068 	EXP 	border: pos = array([-0.17,  0.  ])
7.5234 	EXP 	border: pos = array([-0.17,  0.  ])
7.5400 	EXP 	border: pos = array([-0.17,  0.  ])
7.5564 	EXP 	border: pos = array([-0.17,  0.  ])
7.5736 	EXP 	border: pos = array([-0.17,  0.  ])
7.5900 	EXP 	border: pos = array([-0.17,  0.  ])
7.6069 	EXP 	border: pos = array([-0.17,  0.  ])
7.6232 	EXP 	border: pos = array([-0.5,  0. ])
7.6399 	EXP 	border: pos = array([-0.5,  0. ])
7.6561 	EXP 	border: pos = array([-0.5,  0. ])
7.6730 	EXP 	border: pos = array([-0.5,  0. ])
7.6898 	EXP 	border: pos = array([-0.5,  0. ])
7.7066 	EXP 	border: pos = array([-0.5,  0. ])
7.7231 	EXP 	border: pos = array([-0.5,  0. ])
7.7396 	EXP 	border: pos = array([-0.5,  0. ])
7.7569 	EXP 	border: pos = array([-0.5,  0. ])
7.7732 	EXP 	border: pos = array([-0.5,  0. ])
7.7900 	EXP 	border: pos = array([-0.5,  0. ])
7.8066 	EXP 	border: pos = array([-0.5,  0. ])
7.8237 	EXP 	border: pos = array([-0.5,  0. ])
7.8403 	EXP 	border: pos = array([-0.5,  0. ])
7.8572 	EXP 	border: pos = array([-0.5,  0. ])
7.8762 	EXP 	border: pos = array([-0.5,  0. ])
7.8895 	EXP 	border: pos = array([-0.5,  0. ])
7.9065 	EXP 	border: pos = array([-0.5,  0. ])
7.9231 	EXP 	border: pos = array([-0.5,  0. ])
7.9397 	EXP 	border: pos = array([-0.5,  0. ])
7.9571 	EXP 	border: pos = array([-0.5,  0. ])
7.9730 	EXP 	border: pos = array([-0.5,  0. ])
7.9894 	EXP 	border: pos = array([-0.5,  0. ])
8.0065 	EXP 	border: pos = array([-0.5,  0. ])
8.0235 	EXP 	border: pos = array([-0.5,  0. ])
8.0400 	EXP 	border: pos = array([-0.5,  0. ])
8.0568 	EXP 	border: pos = array([-0.5,  0. ])
8.0732 	EXP 	border: pos = array([-0.5,  0. ])
8.0905 	EXP 	border: pos = array([-0.5,  0. ])
8.1067 	EXP 	border: pos = array([-0.5,  0. ])
8.1232 	EXP 	border: pos = array([-0.5,  0. ])
8.1401 	EXP 	border: pos = array([-0.5,  0. ])
8.1567 	EXP 	border: pos = array([-0.5,  0. ])
8.1738 	EXP 	border: pos = array([-0.17,  0.  ])
8.1905 	EXP 	border: pos = array([-0.17,  0.  ])
8.2097 	EXP 	border: pos = array([-0.17,  0.  ])
8.2232 	EXP 	border: pos = array([-0.17,  0.  ])
8.2394 	EXP 	border: pos = array([-0.17,  0.  ])
8.2567 	EXP 	border: pos = array([-0.17,  0.  ])
8.2732 	EXP 	border: pos = array([-0.17,  0.  ])
8.2897 	EXP 	border: pos = array([-0.17,  0.  ])
8.3065 	EXP 	border: pos = array([-0.17,  0.  ])
8.3232 	EXP 	border: pos = array([-0.17,  0.  ])
8.3400 	EXP 	border: pos = array([-0.17,  0.  ])
8.3566 	EXP 	border: pos = array([-0.17,  0.  ])
8.3735 	EXP 	border: pos = array([-0.17,  0.  ])
8.3897 	EXP 	border: pos = array([-0.17,  0.  ])
8.4061 	EXP 	border: pos = array([-0.17,  0.  ])
8.4231 	EXP 	border: pos = array([-0.17,  0.  ])
8.4396 	EXP 	border: pos = array([-0.17,  0.  ])
8.4564 	EXP 	border: pos = array([-0.17,  0.  ])
8.4734 	EXP 	border: pos = array([-0.17,  0.  ])
8.4897 	EXP 	border: pos = array([-0.17,  0.  ])
8.5064 	EXP 	border: pos = array([-0.17,  0.  ])
8.5232 	EXP 	border: pos = array([-0.17,  0.  ])
8.5401 	EXP 	border: pos = array([-0.17,  0.  ])
8.5410 	DATA 	Mouse: Left button down, pos=(534,518)
8.5412 	DATA 	Mouse:  Left button up, pos=(534,518)
8.5414 	DATA 	Mouse: Left button down, pos=(534,518)
8.5472 	EXP 	New trial (rep=1, index=0): None
8.5624 	EXP 	border: pos = array([-0.17,  0.  ])
8.5624 	EXP 	Trial_Instruction: autoDraw = False
8.5624 	EXP 	DeckA: autoDraw = False
8.5624 	EXP 	DeckB: autoDraw = False
8.5624 	EXP 	DeckC: autoDraw = False
8.5624 	EXP 	DeckD: autoDraw = False
8.5624 	EXP 	border: autoDraw = False
8.5624 	EXP 	totMoney: autoDraw = False
8.5624 	EXP 	Nchoice: autoDraw = False
8.5624 	EXP 	totMoney: text = '100\n0\n2100'
8.5624 	EXP 	Nchoice: text = '0,1,0,0\n1'
8.5624 	EXP 	Trial_Instruction: autoDraw = True
8.5624 	EXP 	DeckA: autoDraw = True
8.5624 	EXP 	DeckB: autoDraw = True
8.5624 	EXP 	DeckC: autoDraw = True
8.5624 	EXP 	DeckD: autoDraw = True
8.5624 	EXP 	border: autoDraw = True
8.5624 	EXP 	border: pos = array([-0.17,  0.  ])
8.5624 	EXP 	totMoney: autoDraw = True
8.5624 	EXP 	Nchoice: autoDraw = True
8.5734 	EXP 	border: pos = array([-0.17,  0.  ])
8.5903 	EXP 	border: pos = array([-0.17,  0.  ])
8.6064 	EXP 	border: pos = array([-0.17,  0.  ])
8.6234 	EXP 	border: pos = array([-0.17,  0.  ])
8.6404 	EXP 	border: pos = array([-0.17,  0.  ])
8.6410 	DATA 	Mouse:  Left button up, pos=(534,518)
8.6565 	EXP 	border: pos = array([-0.17,  0.  ])
8.6732 	EXP 	border: pos = array([-0.17,  0.  ])
8.6898 	EXP 	border: pos = array([-0.17,  0.  ])
8.7069 	EXP 	border: pos = array([-0.17,  0.  ])
8.7075 	DATA 	Mouse: Left button down, pos=(534,518)
8.7122 	EXP 	New trial (rep=2, index=0): None
8.7259 	EXP 	border: pos = array([-0.17,  0.  ])
8.7259 	EXP 	Trial_Instruction: autoDraw = False
8.7259 	EXP 	DeckA: autoDraw = False
8.7259 	EXP 	DeckB: autoDraw = False
8.7259 	EXP 	DeckC: autoDraw = False
8.7259 	EXP 	DeckD: autoDraw = False
8.7259 	EXP 	border: autoDraw = False
8.7259 	EXP 	totMoney: autoDraw = False
8.7259 	EXP 	Nchoice: autoDraw = False
8.7259 	EXP 	totMoney: text = '100\n-1250\n950'
8.7259 	EXP 	Nchoice: text = '0,2,0,0\n2'
8.7259 	EXP 	Trial_Instruction: autoDraw = True
8.7259 	EXP 	DeckA: autoDraw = True
8.7259 	EXP 	DeckB: autoDraw = True
8.7259 	EXP 	DeckC: autoDraw = True
8.7259 	EXP 	DeckD: autoDraw = True
8.7259 	EXP 	border: autoDraw = True
8.7259 	EXP 	border: pos = array([-0.17,  0.  ])
8.7259 	EXP 	totMoney: autoDraw = True
8.7259 	EXP 	Nchoice: autoDraw = True
8.7404 	EXP 	border: pos = array([-0.17,  0.  ])
8.7565 	EXP 	border: pos = array([-0.17,  0.  ])
8.7732 	EXP 	border: pos = array([-0.17,  0.  ])
8.7900 	EXP 	border: pos = array([-0.17,  0.  ])
8.8064 	EXP 	border: pos = array([-0.17,  0.  ])
8.8231 	EXP 	border: pos = array([-0.17,  0.  ])
8.8238 	DATA 	Mouse:  Left button up, pos=(534,518)
8.8397 	EXP 	border: pos = array([-0.17,  0.  ])
8.8564 	EXP 	border: pos = array([-0.17,  0.  ])
8.8732 	EXP 	border: pos = array([-0.17,  0.  ])
8.8769 	DATA 	Mouse: Left button down, pos=(534,518)
8.8906 	EXP 	border: pos = array([-0.17,  0.  ])
8.8958 	EXP 	New trial (rep=3, index=0): None
8.9090 	EXP 	border: pos = array([-0.17,  0.  ])
8.9090 	EXP 	Trial_Instruction: autoDraw = False
8.9090 	EXP 	DeckA: autoDraw = False
8.9090 	EXP 	DeckB: autoDraw = False
8.9090 	EXP 	DeckC: autoDraw = False
8.9090 	EXP 	DeckD: autoDraw = False
8.9090 	EXP 	border: autoDraw = False
8.9090 	EXP 	totMoney: autoDraw = False
8.9090 	EXP 	Nchoice: autoDraw = False
8.9090 	EXP 	totMoney: text = '100\n0\n1050'
8.9090 	EXP 	Nchoice: text = '0,3,0,0\n3'
8.9090 	EXP 	Trial_Instruction: autoDraw = True
8.9090 	EXP 	DeckA: autoDraw = True
8.9090 	EXP 	DeckB: autoDraw = True
8.9090 	EXP 	DeckC: autoDraw = True
8.9090 	EXP 	DeckD: autoDraw = True
8.9090 	EXP 	border: autoDraw = True
8.9090 	EXP 	border: pos = array([-0.17,  0.  ])
8.9090 	EXP 	totMoney: autoDraw = True
8.9090 	EXP 	Nchoice: autoDraw = True
8.9238 	EXP 	border: pos = array([-0.17,  0.  ])
8.9402 	EXP 	border: pos = array([-0.17,  0.  ])
8.9565 	EXP 	border: pos = array([-0.17,  0.  ])
8.9731 	EXP 	border: pos = array([-0.17,  0.  ])
8.9737 	DATA 	Mouse:  Left button up, pos=(534,518)
8.9897 	EXP 	border: pos = array([-0.17,  0.  ])
9.0063 	EXP 	border: pos = array([-0.17,  0.  ])
9.0238 	EXP 	border: pos = array([-0.17,  0.  ])
9.0434 	EXP 	border: pos = array([-0.17,  0.  ])
9.0468 	DATA 	Mouse: Left button down, pos=(534,518)
9.0564 	EXP 	border: pos = array([-0.17,  0.  ])
9.0613 	EXP 	New trial (rep=4, index=0): None
9.0740 	EXP 	border: pos = array([-0.17,  0.  ])
9.0740 	EXP 	Trial_Instruction: autoDraw = False
9.0740 	EXP 	DeckA: autoDraw = False
9.0740 	EXP 	DeckB: autoDraw = False
9.0740 	EXP 	DeckC: autoDraw = False
9.0740 	EXP 	DeckD: autoDraw = False
9.0740 	EXP 	border: autoDraw = False
9.0740 	EXP 	totMoney: autoDraw = False
9.0740 	EXP 	Nchoice: autoDraw = False
9.0740 	EXP 	totMoney: text = '100\n0\n1150'
9.0740 	EXP 	Nchoice: text = '0,4,0,0\n4'
9.0740 	EXP 	Trial_Instruction: autoDraw = True
9.0740 	EXP 	DeckA: autoDraw = True
9.0740 	EXP 	DeckB: autoDraw = True
9.0740 	EXP 	DeckC: autoDraw = True
9.0740 	EXP 	DeckD: autoDraw = True
9.0740 	EXP 	border: autoDraw = True
9.0740 	EXP 	border: pos = array([-0.17,  0.  ])
9.0740 	EXP 	totMoney: autoDraw = True
9.0740 	EXP 	Nchoice: autoDraw = True
9.0897 	EXP 	border: pos = array([-0.17,  0.  ])
9.1063 	EXP 	border: pos = array([-0.17,  0.  ])
9.1233 	EXP 	border: pos = array([-0.17,  0.  ])
9.1396 	EXP 	border: pos = array([-0.17,  0.  ])
9.1564 	EXP 	border: pos = array([-0.17,  0.  ])
9.1572 	DATA 	Mouse:  Left button up, pos=(534,518)
9.1732 	EXP 	border: pos = array([-0.17,  0.  ])
9.1902 	EXP 	border: pos = array([-0.17,  0.  ])
9.2093 	EXP 	border: pos = array([-0.17,  0.  ])
9.2233 	EXP 	border: pos = array([-0.17,  0.  ])
9.2267 	DATA 	Mouse: Left button down, pos=(534,518)
9.2399 	EXP 	border: pos = array([-0.17,  0.  ])
9.2450 	EXP 	New trial (rep=5, index=0): None
9.2582 	EXP 	border: pos = array([-0.17,  0.  ])
9.2582 	EXP 	Trial_Instruction: autoDraw = False
9.2582 	EXP 	DeckA: autoDraw = False
9.2582 	EXP 	DeckB: autoDraw = False
9.2582 	EXP 	DeckC: autoDraw = False
9.2582 	EXP 	DeckD: autoDraw = False
9.2582 	EXP 	border: autoDraw = False
9.2582 	EXP 	totMoney: autoDraw = False
9.2582 	EXP 	Nchoice: autoDraw = False
9.2582 	EXP 	totMoney: text = '100\n0\n1250'
9.2582 	EXP 	Nchoice: text = '0,5,0,0\n5'
9.2582 	EXP 	Trial_Instruction: autoDraw = True
9.2582 	EXP 	DeckA: autoDraw = True
9.2582 	EXP 	DeckB: autoDraw = True
9.2582 	EXP 	DeckC: autoDraw = True
9.2582 	EXP 	DeckD: autoDraw = True
9.2582 	EXP 	border: autoDraw = True
9.2582 	EXP 	border: pos = array([-0.17,  0.  ])
9.2582 	EXP 	totMoney: autoDraw = True
9.2582 	EXP 	Nchoice: autoDraw = True
9.2733 	EXP 	border: pos = array([-0.17,  0.  ])
9.2900 	EXP 	border: pos = array([-0.17,  0.  ])
9.3061 	EXP 	border: pos = array([-0.17,  0.  ])
9.3230 	EXP 	border: pos = array([-0.17,  0.  ])
9.3236 	DATA 	Mouse:  Left button up, pos=(534,518)
9.3400 	EXP 	border: pos = array([-0.17,  0.  ])
9.3565 	EXP 	border: pos = array([-0.17,  0.  ])
9.3737 	EXP 	border: pos = array([-0.17,  0.  ])
9.3898 	EXP 	border: pos = array([-0.17,  0.  ])
9.4069 	EXP 	border: pos = array([-0.17,  0.  ])
9.4076 	DATA 	Mouse: Left button down, pos=(534,518)
9.4125 	EXP 	New trial (rep=6, index=0): None
9.4259 	EXP 	border: pos = array([-0.17,  0.  ])
9.4259 	EXP 	Trial_Instruction: autoDraw = False
9.4259 	EXP 	DeckA: autoDraw = False
9.4259 	EXP 	DeckB: autoDraw = False
9.4259 	EXP 	DeckC: autoDraw = False
9.4259 	EXP 	DeckD: autoDraw = False
9.4259 	EXP 	border: autoDraw = False
9.4259 	EXP 	totMoney: autoDraw = False
9.4259 	EXP 	Nchoice: autoDraw = False
9.4259 	EXP 	totMoney: text = '100\n0\n1350'
9.4259 	EXP 	Nchoice: text = '0,6,0,0\n6'
9.4259 	EXP 	Trial_Instruction: autoDraw = True
9.4259 	EXP 	DeckA: autoDraw = True
9.4259 	EXP 	DeckB: autoDraw = True
9.4259 	EXP 	DeckC: autoDraw = True
9.4259 	EXP 	DeckD: autoDraw = True
9.4259 	EXP 	border: autoDraw = True
9.4259 	EXP 	border: pos = array([-0.17,  0.  ])
9.4259 	EXP 	totMoney: autoDraw = True
9.4259 	EXP 	Nchoice: autoDraw = True
9.4398 	EXP 	border: pos = array([-0.17,  0.  ])
9.4566 	EXP 	border: pos = array([-0.17,  0.  ])
9.4732 	EXP 	border: pos = array([-0.17,  0.  ])
9.4896 	EXP 	border: pos = array([-0.17,  0.  ])
9.5079 	EXP 	border: pos = array([-0.17,  0.  ])
9.5084 	DATA 	Mouse:  Left button up, pos=(534,518)
9.5231 	EXP 	border: pos = array([-0.17,  0.  ])
9.5401 	EXP 	border: pos = array([-0.17,  0.  ])
9.5570 	EXP 	border: pos = array([-0.17,  0.  ])
9.5735 	EXP 	border: pos = array([-0.17,  0.  ])
9.5899 	EXP 	border: pos = array([-0.17,  0.  ])
9.5904 	DATA 	Mouse: Left button down, pos=(534,518)
9.5951 	EXP 	New trial (rep=7, index=0): None
9.6086 	EXP 	border: pos = array([-0.17,  0.  ])
9.6086 	EXP 	Trial_Instruction: autoDraw = False
9.6086 	EXP 	DeckA: autoDraw = False
9.6086 	EXP 	DeckB: autoDraw = False
9.6086 	EXP 	DeckC: autoDraw = False
9.6086 	EXP 	DeckD: autoDraw = False
9.6086 	EXP 	border: autoDraw = False
9.6086 	EXP 	totMoney: autoDraw = False
9.6086 	EXP 	Nchoice: autoDraw = False
9.6086 	EXP 	totMoney: text = '100\n0\n1450'
9.6086 	EXP 	Nchoice: text = '0,7,0,0\n7'
9.6086 	EXP 	Trial_Instruction: autoDraw = True
9.6086 	EXP 	DeckA: autoDraw = True
9.6086 	EXP 	DeckB: autoDraw = True
9.6086 	EXP 	DeckC: autoDraw = True
9.6086 	EXP 	DeckD: autoDraw = True
9.6086 	EXP 	border: autoDraw = True
9.6086 	EXP 	border: pos = array([-0.17,  0.  ])
9.6086 	EXP 	totMoney: autoDraw = True
9.6086 	EXP 	Nchoice: autoDraw = True
9.6229 	EXP 	border: pos = array([-0.17,  0.  ])
9.6400 	EXP 	border: pos = array([-0.17,  0.  ])
9.6564 	EXP 	border: pos = array([-0.17,  0.  ])
9.6734 	EXP 	border: pos = array([-0.17,  0.  ])
9.6740 	DATA 	Mouse:  Left button up, pos=(534,518)
9.6898 	EXP 	border: pos = array([-0.17,  0.  ])
9.7066 	EXP 	border: pos = array([-0.17,  0.  ])
9.7232 	EXP 	border: pos = array([-0.17,  0.  ])
9.7400 	EXP 	border: pos = array([-0.17,  0.  ])
9.7567 	EXP 	border: pos = array([-0.17,  0.  ])
9.7733 	EXP 	border: pos = array([-0.17,  0.  ])
9.7739 	DATA 	Mouse: Left button down, pos=(534,518)
9.7787 	EXP 	New trial (rep=8, index=0): None
9.7917 	EXP 	border: pos = array([-0.17,  0.  ])
9.7917 	EXP 	Trial_Instruction: autoDraw = False
9.7917 	EXP 	DeckA: autoDraw = False
9.7917 	EXP 	DeckB: autoDraw = False
9.7917 	EXP 	DeckC: autoDraw = False
9.7917 	EXP 	DeckD: autoDraw = False
9.7917 	EXP 	border: autoDraw = False
9.7917 	EXP 	totMoney: autoDraw = False
9.7917 	EXP 	Nchoice: autoDraw = False
9.7917 	EXP 	totMoney: text = '100\n0\n1550'
9.7917 	EXP 	Nchoice: text = '0,8,0,0\n8'
9.7917 	EXP 	Trial_Instruction: autoDraw = True
9.7917 	EXP 	DeckA: autoDraw = True
9.7917 	EXP 	DeckB: autoDraw = True
9.7917 	EXP 	DeckC: autoDraw = True
9.7917 	EXP 	DeckD: autoDraw = True
9.7917 	EXP 	border: autoDraw = True
9.7917 	EXP 	border: pos = array([-0.17,  0.  ])
9.7917 	EXP 	totMoney: autoDraw = True
9.7917 	EXP 	Nchoice: autoDraw = True
9.8063 	EXP 	border: pos = array([-0.17,  0.  ])
9.8230 	EXP 	border: pos = array([-0.17,  0.  ])
9.8401 	EXP 	border: pos = array([-0.17,  0.  ])
9.8573 	EXP 	border: pos = array([-0.17,  0.  ])
9.8579 	DATA 	Mouse:  Left button up, pos=(534,518)
9.8729 	EXP 	border: pos = array([-0.17,  0.  ])
9.8901 	EXP 	border: pos = array([-0.17,  0.  ])
9.9065 	EXP 	border: pos = array([-0.17,  0.  ])
9.9231 	EXP 	border: pos = array([-0.17,  0.  ])
9.9401 	EXP 	border: pos = array([-0.17,  0.  ])
9.9568 	EXP 	border: pos = array([-0.17,  0.  ])
9.9574 	DATA 	Mouse: Left button down, pos=(534,518)
9.9621 	EXP 	New trial (rep=9, index=0): None
9.9757 	EXP 	border: pos = array([-0.17,  0.  ])
9.9757 	EXP 	Trial_Instruction: autoDraw = False
9.9757 	EXP 	DeckA: autoDraw = False
9.9757 	EXP 	DeckB: autoDraw = False
9.9757 	EXP 	DeckC: autoDraw = False
9.9757 	EXP 	DeckD: autoDraw = False
9.9757 	EXP 	border: autoDraw = False
9.9757 	EXP 	totMoney: autoDraw = False
9.9757 	EXP 	Nchoice: autoDraw = False
9.9757 	EXP 	totMoney: text = '100\n0\n1650'
9.9757 	EXP 	Nchoice: text = '0,9,0,0\n9'
9.9757 	EXP 	Trial_Instruction: autoDraw = True
9.9757 	EXP 	DeckA: autoDraw = True
9.9757 	EXP 	DeckB: autoDraw = True
9.9757 	EXP 	DeckC: autoDraw = True
9.9757 	EXP 	DeckD: autoDraw = True
9.9757 	EXP 	border: autoDraw = True
9.9757 	EXP 	border: pos = array([-0.17,  0.  ])
9.9757 	EXP 	totMoney: autoDraw = True
9.9757 	EXP 	Nchoice: autoDraw = True
9.9901 	EXP 	border: pos = array([-0.17,  0.  ])
10.0069 	EXP 	border: pos = array([-0.17,  0.  ])
10.0231 	EXP 	border: pos = array([-0.17,  0.  ])
10.0237 	DATA 	Mouse:  Left button up, pos=(534,518)
10.0400 	EXP 	border: pos = array([-0.17,  0.  ])
10.0567 	EXP 	border: pos = array([-0.17,  0.  ])
10.0734 	EXP 	border: pos = array([-0.17,  0.  ])
10.0899 	EXP 	border: pos = array([-0.17,  0.  ])
10.0907 	DATA 	Mouse: Left button down, pos=(534,518)
10.0954 	EXP 	New trial (rep=10, index=0): None
10.1088 	EXP 	border: pos = array([-0.17,  0.  ])
10.1088 	EXP 	Trial_Instruction: autoDraw = False
10.1088 	EXP 	DeckA: autoDraw = False
10.1088 	EXP 	DeckB: autoDraw = False
10.1088 	EXP 	DeckC: autoDraw = False
10.1088 	EXP 	DeckD: autoDraw = False
10.1088 	EXP 	border: autoDraw = False
10.1088 	EXP 	totMoney: autoDraw = False
10.1088 	EXP 	Nchoice: autoDraw = False
10.1088 	EXP 	totMoney: text = '100\n0\n1750'
10.1088 	EXP 	Nchoice: text = '0,10,0,0\n10'
10.1088 	EXP 	Trial_Instruction: autoDraw = True
10.1088 	EXP 	DeckA: autoDraw = True
10.1088 	EXP 	DeckB: autoDraw = True
10.1088 	EXP 	DeckC: autoDraw = True
10.1088 	EXP 	DeckD: autoDraw = True
10.1088 	EXP 	border: autoDraw = True
10.1088 	EXP 	border: pos = array([-0.17,  0.  ])
10.1088 	EXP 	totMoney: autoDraw = True
10.1088 	EXP 	Nchoice: autoDraw = True
10.1230 	EXP 	border: pos = array([-0.17,  0.  ])
10.1397 	EXP 	border: pos = array([-0.17,  0.  ])
10.1568 	EXP 	border: pos = array([-0.17,  0.  ])
10.1734 	EXP 	border: pos = array([-0.17,  0.  ])
10.1901 	EXP 	border: pos = array([-0.17,  0.  ])
10.1908 	DATA 	Mouse:  Left button up, pos=(534,518)
10.2064 	EXP 	border: pos = array([-0.17,  0.  ])
10.2264 	EXP 	border: pos = array([-0.17,  0.  ])
10.2396 	EXP 	border: pos = array([-0.17,  0.  ])
10.2565 	EXP 	border: pos = array([-0.17,  0.  ])
10.2731 	EXP 	border: pos = array([-0.17,  0.  ])
10.2893 	EXP 	border: pos = array([-0.17,  0.  ])
10.3068 	EXP 	border: pos = array([-0.17,  0.  ])
10.3232 	EXP 	border: pos = array([-0.17,  0.  ])
10.3401 	EXP 	border: pos = array([-0.17,  0.  ])
10.3565 	EXP 	border: pos = array([-0.17,  0.  ])
10.3734 	EXP 	border: pos = array([-0.17,  0.  ])
10.3897 	EXP 	border: pos = array([-0.17,  0.  ])
10.4068 	EXP 	border: pos = array([-0.17,  0.  ])
10.4232 	EXP 	border: pos = array([-0.17,  0.  ])
10.4402 	EXP 	border: pos = array([-0.17,  0.  ])
10.4571 	EXP 	border: pos = array([-0.17,  0.  ])
10.4730 	EXP 	border: pos = array([-0.17,  0.  ])
10.4899 	EXP 	border: pos = array([-0.17,  0.  ])
10.5064 	EXP 	border: pos = array([-0.17,  0.  ])
10.5228 	EXP 	border: pos = array([-0.17,  0.  ])
10.5397 	EXP 	border: pos = array([-0.5,  0. ])
10.5566 	EXP 	border: pos = array([-0.5,  0. ])
10.5730 	EXP 	border: pos = array([-0.5,  0. ])
10.5897 	EXP 	border: pos = array([-0.5,  0. ])
10.6067 	EXP 	border: pos = array([-0.5,  0. ])
10.6232 	EXP 	border: pos = array([-0.5,  0. ])
10.6399 	EXP 	border: pos = array([-0.5,  0. ])
10.6566 	EXP 	border: pos = array([-0.5,  0. ])
10.6734 	EXP 	border: pos = array([-0.5,  0. ])
10.6898 	EXP 	border: pos = array([-0.5,  0. ])
10.7065 	EXP 	border: pos = array([-0.5,  0. ])
10.7232 	EXP 	border: pos = array([-0.5,  0. ])
10.7395 	EXP 	border: pos = array([-0.5,  0. ])
10.7574 	EXP 	border: pos = array([-0.5,  0. ])
10.7731 	EXP 	border: pos = array([-0.5,  0. ])
10.7898 	EXP 	border: pos = array([-0.5,  0. ])
10.8067 	EXP 	border: pos = array([-0.5,  0. ])
10.8234 	EXP 	border: pos = array([-0.5,  0. ])
10.8244 	DATA 	Mouse: Left button down, pos=(194,456)
10.8246 	DATA 	Mouse:  Left button up, pos=(194,456)
10.8247 	DATA 	Mouse: Left button down, pos=(194,456)
10.8297 	EXP 	New trial (rep=11, index=0): None
10.8424 	EXP 	border: pos = array([-0.5,  0. ])
10.8424 	EXP 	Trial_Instruction: autoDraw = False
10.8424 	EXP 	DeckA: autoDraw = False
10.8424 	EXP 	DeckB: autoDraw = False
10.8424 	EXP 	DeckC: autoDraw = False
10.8424 	EXP 	DeckD: autoDraw = False
10.8424 	EXP 	border: autoDraw = False
10.8424 	EXP 	totMoney: autoDraw = False
10.8424 	EXP 	Nchoice: autoDraw = False
10.8424 	EXP 	totMoney: text = '50\n-50\n1750'
10.8424 	EXP 	Nchoice: text = '1,10,0,0\n11'
10.8424 	EXP 	Trial_Instruction: autoDraw = True
10.8424 	EXP 	DeckA: autoDraw = True
10.8424 	EXP 	DeckB: autoDraw = True
10.8424 	EXP 	DeckC: autoDraw = True
10.8424 	EXP 	DeckD: autoDraw = True
10.8424 	EXP 	border: autoDraw = True
10.8424 	EXP 	border: pos = array([-0.5,  0. ])
10.8424 	EXP 	totMoney: autoDraw = True
10.8424 	EXP 	Nchoice: autoDraw = True
10.8563 	EXP 	border: pos = array([-0.5,  0. ])
10.8733 	EXP 	border: pos = array([-0.5,  0. ])
10.8899 	EXP 	border: pos = array([-0.5,  0. ])
10.9069 	EXP 	border: pos = array([-0.5,  0. ])
10.9243 	EXP 	border: pos = array([-0.5,  0. ])
10.9248 	DATA 	Mouse:  Left button up, pos=(194,456)
10.9397 	EXP 	border: pos = array([-0.5,  0. ])
10.9567 	EXP 	border: pos = array([-0.5,  0. ])
10.9733 	EXP 	border: pos = array([-0.5,  0. ])
10.9901 	EXP 	border: pos = array([-0.5,  0. ])
11.0064 	EXP 	border: pos = array([-0.5,  0. ])
11.0070 	DATA 	Mouse: Left button down, pos=(194,456)
11.0117 	EXP 	New trial (rep=12, index=0): None
11.0238 	EXP 	border: pos = array([-0.5,  0. ])
11.0238 	EXP 	Trial_Instruction: autoDraw = False
11.0238 	EXP 	DeckA: autoDraw = False
11.0238 	EXP 	DeckB: autoDraw = False
11.0238 	EXP 	DeckC: autoDraw = False
11.0238 	EXP 	DeckD: autoDraw = False
11.0238 	EXP 	border: autoDraw = False
11.0238 	EXP 	totMoney: autoDraw = False
11.0238 	EXP 	Nchoice: autoDraw = False
11.0238 	EXP 	totMoney: text = '50\n-50\n1750'
11.0238 	EXP 	Nchoice: text = '2,10,0,0\n12'
11.0238 	EXP 	Trial_Instruction: autoDraw = True
11.0238 	EXP 	DeckA: autoDraw = True
11.0238 	EXP 	DeckB: autoDraw = True
11.0238 	EXP 	DeckC: autoDraw = True
11.0238 	EXP 	DeckD: autoDraw = True
11.0238 	EXP 	border: autoDraw = True
11.0238 	EXP 	border: pos = array([-0.5,  0. ])
11.0238 	EXP 	totMoney: autoDraw = True
11.0238 	EXP 	Nchoice: autoDraw = True
11.0399 	EXP 	border: pos = array([-0.5,  0. ])
11.0563 	EXP 	border: pos = array([-0.5,  0. ])
11.0734 	EXP 	border: pos = array([-0.5,  0. ])
11.0907 	EXP 	border: pos = array([-0.5,  0. ])
11.0913 	DATA 	Mouse:  Left button up, pos=(194,456)
11.1064 	EXP 	border: pos = array([-0.5,  0. ])
11.1231 	EXP 	border: pos = array([-0.5,  0. ])
11.1395 	EXP 	border: pos = array([-0.5,  0. ])
11.1572 	EXP 	border: pos = array([-0.5,  0. ])
11.1578 	DATA 	Mouse: Left button down, pos=(194,456)
11.1627 	EXP 	New trial (rep=13, index=0): None
11.1738 	EXP 	border: pos = array([-0.5,  0. ])
11.1738 	EXP 	Trial_Instruction: autoDraw = False
11.1738 	EXP 	DeckA: autoDraw = False
11.1738 	EXP 	DeckB: autoDraw = False
11.1738 	EXP 	DeckC: autoDraw = False
11.1738 	EXP 	DeckD: autoDraw = False
11.1738 	EXP 	border: autoDraw = False
11.1738 	EXP 	totMoney: autoDraw = False
11.1738 	EXP 	Nchoice: autoDraw = False
11.1738 	EXP 	totMoney: text = '50\n-50\n1750'
11.1738 	EXP 	Nchoice: text = '3,10,0,0\n13'
11.1738 	EXP 	Trial_Instruction: autoDraw = True
11.1738 	EXP 	DeckA: autoDraw = True
11.1738 	EXP 	DeckB: autoDraw = True
11.1738 	EXP 	DeckC: autoDraw = True
11.1738 	EXP 	DeckD: autoDraw = True
11.1738 	EXP 	border: autoDraw = True
11.1738 	EXP 	border: pos = array([-0.5,  0. ])
11.1738 	EXP 	totMoney: autoDraw = True
11.1738 	EXP 	Nchoice: autoDraw = True
11.1895 	EXP 	border: pos = array([-0.5,  0. ])
11.2065 	EXP 	border: pos = array([-0.5,  0. ])
11.2229 	EXP 	border: pos = array([-0.5,  0. ])
11.2399 	EXP 	border: pos = array([-0.5,  0. ])
11.2566 	EXP 	border: pos = array([-0.5,  0. ])
11.2571 	DATA 	Mouse:  Left button up, pos=(194,456)
11.2731 	EXP 	border: pos = array([-0.5,  0. ])
11.2898 	EXP 	border: pos = array([-0.5,  0. ])
11.3069 	EXP 	border: pos = array([-0.5,  0. ])
11.3230 	EXP 	border: pos = array([-0.5,  0. ])
11.3397 	EXP 	border: pos = array([-0.5,  0. ])
11.3405 	DATA 	Mouse: Left button down, pos=(194,456)
11.3457 	EXP 	New trial (rep=14, index=0): None
11.3582 	EXP 	border: pos = array([-0.5,  0. ])
11.3582 	EXP 	Trial_Instruction: autoDraw = False
11.3582 	EXP 	DeckA: autoDraw = False
11.3582 	EXP 	DeckB: autoDraw = False
11.3582 	EXP 	DeckC: autoDraw = False
11.3582 	EXP 	DeckD: autoDraw = False
11.3582 	EXP 	border: autoDraw = False
11.3582 	EXP 	totMoney: autoDraw = False
11.3582 	EXP 	Nchoice: autoDraw = False
11.3582 	EXP 	totMoney: text = '50\n-50\n1750'
11.3582 	EXP 	Nchoice: text = '4,10,0,0\n14'
11.3582 	EXP 	Trial_Instruction: autoDraw = True
11.3582 	EXP 	DeckA: autoDraw = True
11.3582 	EXP 	DeckB: autoDraw = True
11.3582 	EXP 	DeckC: autoDraw = True
11.3582 	EXP 	DeckD: autoDraw = True
11.3582 	EXP 	border: autoDraw = True
11.3582 	EXP 	border: pos = array([-0.5,  0. ])
11.3582 	EXP 	totMoney: autoDraw = True
11.3582 	EXP 	Nchoice: autoDraw = True
11.3730 	EXP 	border: pos = array([-0.5,  0. ])
11.3895 	EXP 	border: pos = array([-0.5,  0. ])
11.4063 	EXP 	border: pos = array([-0.5,  0. ])
11.4240 	EXP 	border: pos = array([-0.5,  0. ])
11.4272 	DATA 	Mouse:  Left button up, pos=(194,456)
11.4397 	EXP 	border: pos = array([-0.5,  0. ])
11.4570 	EXP 	border: pos = array([-0.5,  0. ])
11.4736 	EXP 	border: pos = array([-0.5,  0. ])
11.4899 	EXP 	border: pos = array([-0.5,  0. ])
11.5062 	EXP 	border: pos = array([-0.5,  0. ])
11.5235 	EXP 	border: pos = array([-0.5,  0. ])
11.5242 	DATA 	Mouse: Left button down, pos=(194,456)
11.5292 	EXP 	New trial (rep=15, index=0): None
11.5425 	EXP 	border: pos = array([-0.5,  0. ])
11.5425 	EXP 	Trial_Instruction: autoDraw = False
11.5425 	EXP 	DeckA: autoDraw = False
11.5425 	EXP 	DeckB: autoDraw = False
11.5425 	EXP 	DeckC: autoDraw = False
11.5425 	EXP 	DeckD: autoDraw = False
11.5425 	EXP 	border: autoDraw = False
11.5425 	EXP 	totMoney: autoDraw = False
11.5425 	EXP 	Nchoice: autoDraw = False
11.5425 	EXP 	totMoney: text = '50\n0\n1800'
11.5425 	EXP 	Nchoice: text = '5,10,0,0\n15'
11.5425 	EXP 	Trial_Instruction: autoDraw = True
11.5425 	EXP 	DeckA: autoDraw = True
11.5425 	EXP 	DeckB: autoDraw = True
11.5425 	EXP 	DeckC: autoDraw = True
11.5425 	EXP 	DeckD: autoDraw = True
11.5425 	EXP 	border: autoDraw = True
11.5425 	EXP 	border: pos = array([-0.5,  0. ])
11.5425 	EXP 	totMoney: autoDraw = True
11.5425 	EXP 	Nchoice: autoDraw = True
11.5563 	EXP 	border: pos = array([-0.5,  0. ])
11.5732 	EXP 	border: pos = array([-0.5,  0. ])
11.5898 	EXP 	border: pos = array([-0.5,  0. ])
11.6065 	EXP 	border: pos = array([-0.5,  0. ])
11.6071 	DATA 	Mouse:  Left button up, pos=(194,456)
11.6230 	EXP 	border: pos = array([-0.5,  0. ])
11.6399 	EXP 	border: pos = array([-0.5,  0. ])
11.6569 	EXP 	border: pos = array([-0.5,  0. ])
11.6733 	EXP 	border: pos = array([-0.5,  0. ])
11.6897 	EXP 	border: pos = array([-0.5,  0. ])
11.6903 	DATA 	Mouse: Left button down, pos=(194,456)
11.6951 	EXP 	New trial (rep=16, index=0): None
11.7079 	EXP 	border: pos = array([-0.5,  0. ])
11.7079 	EXP 	Trial_Instruction: autoDraw = False
11.7079 	EXP 	DeckA: autoDraw = False
11.7079 	EXP 	DeckB: autoDraw = False
11.7079 	EXP 	DeckC: autoDraw = False
11.7079 	EXP 	DeckD: autoDraw = False
11.7079 	EXP 	border: autoDraw = False
11.7079 	EXP 	totMoney: autoDraw = False
11.7079 	EXP 	Nchoice: autoDraw = False
11.7079 	EXP 	totMoney: text = '50\n0\n1850'
11.7079 	EXP 	Nchoice: text = '6,10,0,0\n16'
11.7079 	EXP 	Trial_Instruction: autoDraw = True
11.7079 	EXP 	DeckA: autoDraw = True
11.7079 	EXP 	DeckB: autoDraw = True
11.7079 	EXP 	DeckC: autoDraw = True
11.7079 	EXP 	DeckD: autoDraw = True
11.7079 	EXP 	border: autoDraw = True
11.7079 	EXP 	border: pos = array([-0.5,  0. ])
11.7079 	EXP 	totMoney: autoDraw = True
11.7079 	EXP 	Nchoice: autoDraw = True
11.7231 	EXP 	border: pos = array([-0.5,  0. ])
11.7400 	EXP 	border: pos = array([-0.5,  0. ])
11.7566 	EXP 	border: pos = array([-0.5,  0. ])
11.7732 	EXP 	border: pos = array([-0.5,  0. ])
11.7902 	EXP 	border: pos = array([-0.5,  0. ])
11.7934 	DATA 	Mouse:  Left button up, pos=(194,456)
11.8068 	EXP 	border: pos = array([-0.5,  0. ])
11.8234 	EXP 	border: pos = array([-0.5,  0. ])
11.8402 	EXP 	border: pos = array([-0.5,  0. ])
11.8563 	EXP 	border: pos = array([-0.5,  0. ])
11.8735 	EXP 	border: pos = array([-0.5,  0. ])
11.8743 	DATA 	Mouse: Left button down, pos=(194,456)
11.8790 	EXP 	New trial (rep=17, index=0): None
11.8916 	EXP 	border: pos = array([-0.5,  0. ])
11.8916 	EXP 	Trial_Instruction: autoDraw = False
11.8916 	EXP 	DeckA: autoDraw = False
11.8916 	EXP 	DeckB: autoDraw = False
11.8916 	EXP 	DeckC: autoDraw = False
11.8916 	EXP 	DeckD: autoDraw = False
11.8916 	EXP 	border: autoDraw = False
11.8916 	EXP 	totMoney: autoDraw = False
11.8916 	EXP 	Nchoice: autoDraw = False
11.8916 	EXP 	totMoney: text = '50\n0\n1900'
11.8916 	EXP 	Nchoice: text = '7,10,0,0\n17'
11.8916 	EXP 	Trial_Instruction: autoDraw = True
11.8916 	EXP 	DeckA: autoDraw = True
11.8916 	EXP 	DeckB: autoDraw = True
11.8916 	EXP 	DeckC: autoDraw = True
11.8916 	EXP 	DeckD: autoDraw = True
11.8916 	EXP 	border: autoDraw = True
11.8916 	EXP 	border: pos = array([-0.5,  0. ])
11.8916 	EXP 	totMoney: autoDraw = True
11.8916 	EXP 	Nchoice: autoDraw = True
11.9065 	EXP 	border: pos = array([-0.5,  0. ])
11.9232 	EXP 	border: pos = array([-0.5,  0. ])
11.9398 	EXP 	border: pos = array([-0.5,  0. ])
11.9569 	EXP 	border: pos = array([-0.5,  0. ])
11.9728 	EXP 	border: pos = array([-0.5,  0. ])
11.9735 	DATA 	Mouse:  Left button up, pos=(194,456)
11.9898 	EXP 	border: pos = array([-0.5,  0. ])
12.0070 	EXP 	border: pos = array([-0.5,  0. ])
12.0235 	EXP 	border: pos = array([-0.5,  0. ])
12.0398 	EXP 	border: pos = array([-0.5,  0. ])
12.0563 	EXP 	border: pos = array([-0.5,  0. ])
12.0572 	DATA 	Mouse: Left button down, pos=(194,456)
12.0620 	EXP 	New trial (rep=18, index=0): None
12.0750 	EXP 	border: pos = array([-0.5,  0. ])
12.0750 	EXP 	Trial_Instruction: autoDraw = False
12.0750 	EXP 	DeckA: autoDraw = False
12.0750 	EXP 	DeckB: autoDraw = False
12.0750 	EXP 	DeckC: autoDraw = False
12.0750 	EXP 	DeckD: autoDraw = False
12.0750 	EXP 	border: autoDraw = False
12.0750 	EXP 	totMoney: autoDraw = False
12.0750 	EXP 	Nchoice: autoDraw = False
12.0750 	EXP 	totMoney: text = '50\n0\n1950'
12.0750 	EXP 	Nchoice: text = '8,10,0,0\n18'
12.0750 	EXP 	Trial_Instruction: autoDraw = True
12.0750 	EXP 	DeckA: autoDraw = True
12.0750 	EXP 	DeckB: autoDraw = True
12.0750 	EXP 	DeckC: autoDraw = True
12.0750 	EXP 	DeckD: autoDraw = True
12.0750 	EXP 	border: autoDraw = True
12.0750 	EXP 	border: pos = array([-0.5,  0. ])
12.0750 	EXP 	totMoney: autoDraw = True
12.0750 	EXP 	Nchoice: autoDraw = True
12.0896 	EXP 	border: pos = array([-0.5,  0. ])
12.1067 	EXP 	border: pos = array([-0.5,  0. ])
12.1233 	EXP 	border: pos = array([-0.5,  0. ])
12.1396 	EXP 	border: pos = array([-0.5,  0. ])
12.1430 	DATA 	Mouse:  Left button up, pos=(194,456)
12.1564 	EXP 	border: pos = array([-0.5,  0. ])
12.1740 	EXP 	border: pos = array([-0.5,  0. ])
12.1936 	EXP 	border: pos = array([-0.5,  0. ])
12.2064 	EXP 	border: pos = array([-0.5,  0. ])
12.2232 	EXP 	border: pos = array([-0.5,  0. ])
12.2239 	DATA 	Mouse: Left button down, pos=(194,456)
12.2288 	EXP 	New trial (rep=19, index=0): None
12.2412 	EXP 	border: pos = array([-0.5,  0. ])
12.2412 	EXP 	Trial_Instruction: autoDraw = False
12.2412 	EXP 	DeckA: autoDraw = False
12.2412 	EXP 	DeckB: autoDraw = False
12.2412 	EXP 	DeckC: autoDraw = False
12.2412 	EXP 	DeckD: autoDraw = False
12.2412 	EXP 	border: autoDraw = False
12.2412 	EXP 	totMoney: autoDraw = False
12.2412 	EXP 	Nchoice: autoDraw = False
12.2412 	EXP 	totMoney: text = '50\n0\n2000'
12.2412 	EXP 	Nchoice: text = '9,10,0,0\n19'
12.2412 	EXP 	Trial_Instruction: autoDraw = True
12.2412 	EXP 	DeckA: autoDraw = True
12.2412 	EXP 	DeckB: autoDraw = True
12.2412 	EXP 	DeckC: autoDraw = True
12.2412 	EXP 	DeckD: autoDraw = True
12.2412 	EXP 	border: autoDraw = True
12.2412 	EXP 	border: pos = array([-0.5,  0. ])
12.2412 	EXP 	totMoney: autoDraw = True
12.2412 	EXP 	Nchoice: autoDraw = True
12.2569 	EXP 	border: pos = array([-0.5,  0. ])
12.2730 	EXP 	border: pos = array([-0.5,  0. ])
12.2900 	EXP 	border: pos = array([-0.5,  0. ])
12.3066 	EXP 	border: pos = array([-0.5,  0. ])
12.3231 	EXP 	border: pos = array([-0.5,  0. ])
12.3237 	DATA 	Mouse:  Left button up, pos=(194,456)
12.3397 	EXP 	border: pos = array([-0.5,  0. ])
12.3567 	EXP 	border: pos = array([-0.5,  0. ])
12.3733 	EXP 	border: pos = array([-0.5,  0. ])
12.3899 	EXP 	border: pos = array([-0.5,  0. ])
12.3905 	DATA 	Mouse: Left button down, pos=(194,456)
12.3952 	EXP 	New trial (rep=20, index=0): None
12.4078 	EXP 	border: pos = array([-0.5,  0. ])
12.4078 	EXP 	Trial_Instruction: autoDraw = False
12.4078 	EXP 	DeckA: autoDraw = False
12.4078 	EXP 	DeckB: autoDraw = False
12.4078 	EXP 	DeckC: autoDraw = False
12.4078 	EXP 	DeckD: autoDraw = False
12.4078 	EXP 	border: autoDraw = False
12.4078 	EXP 	totMoney: autoDraw = False
12.4078 	EXP 	Nchoice: autoDraw = False
12.4078 	EXP 	totMoney: text = '50\n-50\n2000'
12.4078 	EXP 	Nchoice: text = '10,10,0,0\n20'
12.4078 	EXP 	Trial_Instruction: autoDraw = True
12.4078 	EXP 	DeckA: autoDraw = True
12.4078 	EXP 	DeckB: autoDraw = True
12.4078 	EXP 	DeckC: autoDraw = True
12.4078 	EXP 	DeckD: autoDraw = True
12.4078 	EXP 	border: autoDraw = True
12.4078 	EXP 	border: pos = array([-0.5,  0. ])
12.4078 	EXP 	totMoney: autoDraw = True
12.4078 	EXP 	Nchoice: autoDraw = True
12.4231 	EXP 	border: pos = array([-0.5,  0. ])
12.4400 	EXP 	border: pos = array([-0.5,  0. ])
12.4566 	EXP 	border: pos = array([-0.5,  0. ])
12.4733 	EXP 	border: pos = array([-0.5,  0. ])
12.4764 	DATA 	Mouse:  Left button up, pos=(194,456)
12.4895 	EXP 	border: pos = array([-0.5,  0. ])
12.5066 	EXP 	border: pos = array([-0.5,  0. ])
12.5230 	EXP 	border: pos = array([-0.5,  0. ])
12.5395 	EXP 	border: pos = array([-0.5,  0. ])
12.5562 	EXP 	border: pos = array([-0.5,  0. ])
12.5734 	EXP 	border: pos = array([-0.5,  0. ])
12.5901 	EXP 	border: pos = array([-0.5,  0. ])
12.6064 	EXP 	border: pos = array([-0.5,  0. ])
12.6233 	EXP 	border: pos = array([-0.5,  0. ])
12.6400 	EXP 	border: pos = array([-0.5,  0. ])
12.6567 	EXP 	border: pos = array([-0.5,  0. ])
12.6732 	EXP 	border: pos = array([-0.5,  0. ])
12.6898 	EXP 	border: pos = array([-0.5,  0. ])
12.7065 	EXP 	border: pos = array([-0.5,  0. ])
12.7231 	EXP 	border: pos = array([-0.5,  0. ])
12.7401 	EXP 	border: pos = array([-0.5,  0. ])
12.7569 	EXP 	border: pos = array([-0.17,  0.  ])
12.7731 	EXP 	border: pos = array([-0.17,  0.  ])
12.7900 	EXP 	border: pos = array([0.16, 0.  ])
12.8066 	EXP 	border: pos = array([0.16, 0.  ])
12.8235 	EXP 	border: pos = array([0.16, 0.  ])
12.8402 	EXP 	border: pos = array([0.16, 0.  ])
12.8566 	EXP 	border: pos = array([0.16, 0.  ])
12.8732 	EXP 	border: pos = array([0.5, 0. ])
12.8893 	EXP 	border: pos = array([0.5, 0. ])
12.9066 	EXP 	border: pos = array([0.5, 0. ])
12.9232 	EXP 	border: pos = array([0.5, 0. ])
12.9397 	EXP 	border: pos = array([0.5, 0. ])
12.9564 	EXP 	border: pos = array([0.5, 0. ])
12.9733 	EXP 	border: pos = array([0.5, 0. ])
12.9896 	EXP 	border: pos = array([0.5, 0. ])
13.0064 	EXP 	border: pos = array([0.5, 0. ])
13.0232 	EXP 	border: pos = array([0.5, 0. ])
13.0400 	EXP 	border: pos = array([0.5, 0. ])
13.0565 	EXP 	border: pos = array([0.16, 0.  ])
13.0733 	EXP 	border: pos = array([0.16, 0.  ])
13.0899 	EXP 	border: pos = array([0.16, 0.  ])
13.1066 	EXP 	border: pos = array([0.16, 0.  ])
13.1232 	EXP 	border: pos = array([0.16, 0.  ])
13.1398 	EXP 	border: pos = array([0.16, 0.  ])
13.1566 	EXP 	border: pos = array([0.16, 0.  ])
13.1732 	EXP 	border: pos = array([0.16, 0.  ])
13.1903 	EXP 	border: pos = array([0.16, 0.  ])
13.2065 	EXP 	border: pos = array([0.16, 0.  ])
13.2239 	EXP 	border: pos = array([0.16, 0.  ])
13.2395 	EXP 	border: pos = array([0.16, 0.  ])
13.2565 	EXP 	border: pos = array([0.16, 0.  ])
13.2732 	EXP 	border: pos = array([0.16, 0.  ])
13.2898 	EXP 	border: pos = array([0.16, 0.  ])
13.3066 	EXP 	border: pos = array([0.16, 0.  ])
13.3076 	DATA 	Mouse: Left button down, pos=(872,422)
13.3078 	DATA 	Mouse:  Left button up, pos=(872,422)
13.3079 	DATA 	Mouse: Left button down, pos=(872,422)
13.3131 	EXP 	New trial (rep=21, index=0): None
13.3260 	EXP 	border: pos = array([0.16, 0.  ])
13.3260 	EXP 	Trial_Instruction: autoDraw = False
13.3260 	EXP 	DeckA: autoDraw = False
13.3260 	EXP 	DeckB: autoDraw = False
13.3260 	EXP 	DeckC: autoDraw = False
13.3260 	EXP 	DeckD: autoDraw = False
13.3260 	EXP 	border: autoDraw = False
13.3260 	EXP 	totMoney: autoDraw = False
13.3260 	EXP 	Nchoice: autoDraw = False
13.3260 	EXP 	totMoney: text = '50\n0\n2050'
13.3260 	EXP 	Nchoice: text = '10,10,1,0\n21'
13.3260 	EXP 	Trial_Instruction: autoDraw = True
13.3260 	EXP 	DeckA: autoDraw = True
13.3260 	EXP 	DeckB: autoDraw = True
13.3260 	EXP 	DeckC: autoDraw = True
13.3260 	EXP 	DeckD: autoDraw = True
13.3260 	EXP 	border: autoDraw = True
13.3260 	EXP 	border: pos = array([0.16, 0.  ])
13.3260 	EXP 	totMoney: autoDraw = True
13.3260 	EXP 	Nchoice: autoDraw = True
13.3398 	EXP 	border: pos = array([0.16, 0.  ])
13.3573 	EXP 	border: pos = array([0.16, 0.  ])
13.3764 	EXP 	border: pos = array([0.16, 0.  ])
13.3892 	EXP 	border: pos = array([0.16, 0.  ])
13.4066 	EXP 	border: pos = array([0.16, 0.  ])
13.4074 	DATA 	Mouse:  Left button up, pos=(872,422)
13.4232 	EXP 	border: pos = array([0.16, 0.  ])
13.4395 	EXP 	border: pos = array([0.16, 0.  ])
13.4566 	EXP 	border: pos = array([0.16, 0.  ])
13.4732 	EXP 	border: pos = array([0.16, 0.  ])
13.4897 	EXP 	border: pos = array([0.16, 0.  ])
13.5067 	EXP 	border: pos = array([0.16, 0.  ])
13.5073 	DATA 	Mouse: Left button down, pos=(872,422)
13.5122 	EXP 	New trial (rep=22, index=0): None
13.5249 	EXP 	border: pos = array([0.16, 0.  ])
13.5249 	EXP 	Trial_Instruction: autoDraw = False
13.5249 	EXP 	DeckA: autoDraw = False
13.5249 	EXP 	DeckB: autoDraw = False
13.5249 	EXP 	DeckC: autoDraw = False
13.5249 	EXP 	DeckD: autoDraw = False
13.5249 	EXP 	border: autoDraw = False
13.5249 	EXP 	totMoney: autoDraw = False
13.5249 	EXP 	Nchoice: autoDraw = False
13.5249 	EXP 	totMoney: text = '50\n0\n2100'
13.5249 	EXP 	Nchoice: text = '10,10,2,0\n22'
13.5249 	EXP 	Trial_Instruction: autoDraw = True
13.5249 	EXP 	DeckA: autoDraw = True
13.5249 	EXP 	DeckB: autoDraw = True
13.5249 	EXP 	DeckC: autoDraw = True
13.5249 	EXP 	DeckD: autoDraw = True
13.5249 	EXP 	border: autoDraw = True
13.5249 	EXP 	border: pos = array([0.16, 0.  ])
13.5249 	EXP 	totMoney: autoDraw = True
13.5249 	EXP 	Nchoice: autoDraw = True
13.5398 	EXP 	border: pos = array([0.16, 0.  ])
13.5569 	EXP 	border: pos = array([0.16, 0.  ])
13.5736 	EXP 	border: pos = array([0.16, 0.  ])
13.5742 	DATA 	Mouse:  Left button up, pos=(872,422)
13.5901 	EXP 	border: pos = array([0.16, 0.  ])
13.6065 	EXP 	border: pos = array([0.16, 0.  ])
13.6233 	EXP 	border: pos = array([0.16, 0.  ])
13.6399 	EXP 	border: pos = array([0.16, 0.  ])
13.6569 	EXP 	border: pos = array([0.16, 0.  ])
13.6578 	DATA 	Mouse: Left button down, pos=(872,422)
13.6628 	EXP 	New trial (rep=23, index=0): None
13.6754 	EXP 	border: pos = array([0.16, 0.  ])
13.6754 	EXP 	Trial_Instruction: autoDraw = False
13.6754 	EXP 	DeckA: autoDraw = False
13.6754 	EXP 	DeckB: autoDraw = False
13.6754 	EXP 	DeckC: autoDraw = False
13.6754 	EXP 	DeckD: autoDraw = False
13.6754 	EXP 	border: autoDraw = False
13.6754 	EXP 	totMoney: autoDraw = False
13.6754 	EXP 	Nchoice: autoDraw = False
13.6754 	EXP 	totMoney: text = '50\n0\n2150'
13.6754 	EXP 	Nchoice: text = '10,10,3,0\n23'
13.6754 	EXP 	Trial_Instruction: autoDraw = True
13.6754 	EXP 	DeckA: autoDraw = True
13.6754 	EXP 	DeckB: autoDraw = True
13.6754 	EXP 	DeckC: autoDraw = True
13.6754 	EXP 	DeckD: autoDraw = True
13.6754 	EXP 	border: autoDraw = True
13.6754 	EXP 	border: pos = array([0.16, 0.  ])
13.6754 	EXP 	totMoney: autoDraw = True
13.6754 	EXP 	Nchoice: autoDraw = True
13.6900 	EXP 	border: pos = array([0.16, 0.  ])
13.7063 	EXP 	border: pos = array([0.16, 0.  ])
13.7230 	EXP 	border: pos = array([0.16, 0.  ])
13.7401 	EXP 	border: pos = array([0.16, 0.  ])
13.7407 	DATA 	Mouse:  Left button up, pos=(872,422)
13.7565 	EXP 	border: pos = array([0.16, 0.  ])
13.7730 	EXP 	border: pos = array([0.16, 0.  ])
13.7903 	EXP 	border: pos = array([0.16, 0.  ])
13.8067 	EXP 	border: pos = array([0.16, 0.  ])
13.8234 	EXP 	border: pos = array([0.16, 0.  ])
13.8240 	DATA 	Mouse: Left button down, pos=(872,422)
13.8287 	EXP 	New trial (rep=24, index=0): None
13.8414 	EXP 	border: pos = array([0.16, 0.  ])
13.8414 	EXP 	Trial_Instruction: autoDraw = False
13.8414 	EXP 	DeckA: autoDraw = False
13.8414 	EXP 	DeckB: autoDraw = False
13.8414 	EXP 	DeckC: autoDraw = False
13.8414 	EXP 	DeckD: autoDraw = False
13.8414 	EXP 	border: autoDraw = False
13.8414 	EXP 	totMoney: autoDraw = False
13.8414 	EXP 	Nchoice: autoDraw = False
13.8414 	EXP 	totMoney: text = '50\n0\n2200'
13.8414 	EXP 	Nchoice: text = '10,10,4,0\n24'
13.8414 	EXP 	Trial_Instruction: autoDraw = True
13.8414 	EXP 	DeckA: autoDraw = True
13.8414 	EXP 	DeckB: autoDraw = True
13.8414 	EXP 	DeckC: autoDraw = True
13.8414 	EXP 	DeckD: autoDraw = True
13.8414 	EXP 	border: autoDraw = True
13.8414 	EXP 	border: pos = array([0.16, 0.  ])
13.8414 	EXP 	totMoney: autoDraw = True
13.8414 	EXP 	Nchoice: autoDraw = True
13.8569 	EXP 	border: pos = array([0.16, 0.  ])
13.8734 	EXP 	border: pos = array([0.16, 0.  ])
13.8897 	EXP 	border: pos = array([0.16, 0.  ])
13.9063 	EXP 	border: pos = array([0.16, 0.  ])
13.9097 	DATA 	Mouse:  Left button up, pos=(872,422)
13.9233 	EXP 	border: pos = array([0.16, 0.  ])
13.9401 	EXP 	border: pos = array([0.16, 0.  ])
13.9567 	EXP 	border: pos = array([0.16, 0.  ])
13.9734 	EXP 	border: pos = array([0.16, 0.  ])
13.9902 	EXP 	border: pos = array([0.16, 0.  ])
14.0067 	EXP 	border: pos = array([0.16, 0.  ])
14.0075 	DATA 	Mouse: Left button down, pos=(872,422)
14.0129 	EXP 	New trial (rep=25, index=0): None
14.0258 	EXP 	border: pos = array([0.16, 0.  ])
14.0258 	EXP 	Trial_Instruction: autoDraw = False
14.0258 	EXP 	DeckA: autoDraw = False
14.0258 	EXP 	DeckB: autoDraw = False
14.0258 	EXP 	DeckC: autoDraw = False
14.0258 	EXP 	DeckD: autoDraw = False
14.0258 	EXP 	border: autoDraw = False
14.0258 	EXP 	totMoney: autoDraw = False
14.0258 	EXP 	Nchoice: autoDraw = False
14.0258 	EXP 	totMoney: text = '50\n0\n2250'
14.0258 	EXP 	Nchoice: text = '10,10,5,0\n25'
14.0258 	EXP 	Trial_Instruction: autoDraw = True
14.0258 	EXP 	DeckA: autoDraw = True
14.0258 	EXP 	DeckB: autoDraw = True
14.0258 	EXP 	DeckC: autoDraw = True
14.0258 	EXP 	DeckD: autoDraw = True
14.0258 	EXP 	border: autoDraw = True
14.0258 	EXP 	border: pos = array([0.16, 0.  ])
14.0258 	EXP 	totMoney: autoDraw = True
14.0258 	EXP 	Nchoice: autoDraw = True
14.0396 	EXP 	border: pos = array([0.16, 0.  ])
14.0568 	EXP 	border: pos = array([0.16, 0.  ])
14.0734 	EXP 	border: pos = array([0.16, 0.  ])
14.0898 	EXP 	border: pos = array([0.16, 0.  ])
14.0904 	DATA 	Mouse:  Left button up, pos=(872,422)
14.1063 	EXP 	border: pos = array([0.16, 0.  ])
14.1231 	EXP 	border: pos = array([0.16, 0.  ])
14.1399 	EXP 	border: pos = array([0.16, 0.  ])
14.1569 	EXP 	border: pos = array([0.16, 0.  ])
14.1731 	EXP 	border: pos = array([0.16, 0.  ])
14.1911 	EXP 	border: pos = array([0.16, 0.  ])
14.1917 	DATA 	Mouse: Left button down, pos=(872,422)
14.1967 	EXP 	New trial (rep=26, index=0): None
14.2092 	EXP 	border: pos = array([0.16, 0.  ])
14.2092 	EXP 	Trial_Instruction: autoDraw = False
14.2092 	EXP 	DeckA: autoDraw = False
14.2092 	EXP 	DeckB: autoDraw = False
14.2092 	EXP 	DeckC: autoDraw = False
14.2092 	EXP 	DeckD: autoDraw = False
14.2092 	EXP 	border: autoDraw = False
14.2092 	EXP 	totMoney: autoDraw = False
14.2092 	EXP 	Nchoice: autoDraw = False
14.2092 	EXP 	totMoney: text = '50\n0\n2300'
14.2092 	EXP 	Nchoice: text = '10,10,6,0\n26'
14.2092 	EXP 	Trial_Instruction: autoDraw = True
14.2092 	EXP 	DeckA: autoDraw = True
14.2092 	EXP 	DeckB: autoDraw = True
14.2092 	EXP 	DeckC: autoDraw = True
14.2092 	EXP 	DeckD: autoDraw = True
14.2092 	EXP 	border: autoDraw = True
14.2092 	EXP 	border: pos = array([0.16, 0.  ])
14.2092 	EXP 	totMoney: autoDraw = True
14.2092 	EXP 	Nchoice: autoDraw = True
14.2233 	EXP 	border: pos = array([0.16, 0.  ])
14.2402 	EXP 	border: pos = array([0.16, 0.  ])
14.2564 	EXP 	border: pos = array([0.16, 0.  ])
14.2731 	EXP 	border: pos = array([0.16, 0.  ])
14.2738 	DATA 	Mouse:  Left button up, pos=(872,422)
14.2898 	EXP 	border: pos = array([0.16, 0.  ])
14.3066 	EXP 	border: pos = array([0.16, 0.  ])
14.3231 	EXP 	border: pos = array([0.16, 0.  ])
14.3399 	EXP 	border: pos = array([0.16, 0.  ])
14.3568 	EXP 	border: pos = array([0.16, 0.  ])
14.3573 	DATA 	Mouse: Left button down, pos=(872,422)
14.3621 	EXP 	New trial (rep=27, index=0): None
14.3747 	EXP 	border: pos = array([0.16, 0.  ])
14.3747 	EXP 	Trial_Instruction: autoDraw = False
14.3747 	EXP 	DeckA: autoDraw = False
14.3747 	EXP 	DeckB: autoDraw = False
14.3747 	EXP 	DeckC: autoDraw = False
14.3747 	EXP 	DeckD: autoDraw = False
14.3747 	EXP 	border: autoDraw = False
14.3747 	EXP 	totMoney: autoDraw = False
14.3747 	EXP 	Nchoice: autoDraw = False
14.3747 	EXP 	totMoney: text = '50\n-250\n2100'
14.3747 	EXP 	Nchoice: text = '10,10,7,0\n27'
14.3747 	EXP 	Trial_Instruction: autoDraw = True
14.3747 	EXP 	DeckA: autoDraw = True
14.3747 	EXP 	DeckB: autoDraw = True
14.3747 	EXP 	DeckC: autoDraw = True
14.3747 	EXP 	DeckD: autoDraw = True
14.3747 	EXP 	border: autoDraw = True
14.3747 	EXP 	border: pos = array([0.16, 0.  ])
14.3747 	EXP 	totMoney: autoDraw = True
14.3747 	EXP 	Nchoice: autoDraw = True
14.3897 	EXP 	border: pos = array([0.16, 0.  ])
14.4064 	EXP 	border: pos = array([0.16, 0.  ])
14.4234 	EXP 	border: pos = array([0.16, 0.  ])
14.4392 	EXP 	border: pos = array([0.16, 0.  ])
14.4564 	EXP 	border: pos = array([0.16, 0.  ])
14.4570 	DATA 	Mouse:  Left button up, pos=(872,422)
14.4738 	EXP 	border: pos = array([0.16, 0.  ])
14.4898 	EXP 	border: pos = array([0.16, 0.  ])
14.5071 	EXP 	border: pos = array([0.16, 0.  ])
14.5231 	EXP 	border: pos = array([0.16, 0.  ])
14.5400 	EXP 	border: pos = array([0.16, 0.  ])
14.5566 	EXP 	border: pos = array([0.16, 0.  ])
14.5572 	DATA 	Mouse: Left button down, pos=(872,422)
14.5620 	EXP 	New trial (rep=28, index=0): None
14.5746 	EXP 	border: pos = array([0.16, 0.  ])
14.5746 	EXP 	Trial_Instruction: autoDraw = False
14.5746 	EXP 	DeckA: autoDraw = False
14.5746 	EXP 	DeckB: autoDraw = False
14.5746 	EXP 	DeckC: autoDraw = False
14.5746 	EXP 	DeckD: autoDraw = False
14.5746 	EXP 	border: autoDraw = False
14.5746 	EXP 	totMoney: autoDraw = False
14.5746 	EXP 	Nchoice: autoDraw = False
14.5746 	EXP 	totMoney: text = '50\n0\n2150'
14.5746 	EXP 	Nchoice: text = '10,10,8,0\n28'
14.5746 	EXP 	Trial_Instruction: autoDraw = True
14.5746 	EXP 	DeckA: autoDraw = True
14.5746 	EXP 	DeckB: autoDraw = True
14.5746 	EXP 	DeckC: autoDraw = True
14.5746 	EXP 	DeckD: autoDraw = True
14.5746 	EXP 	border: autoDraw = True
14.5746 	EXP 	border: pos = array([0.16, 0.  ])
14.5746 	EXP 	totMoney: autoDraw = True
14.5746 	EXP 	Nchoice: autoDraw = True
14.5901 	EXP 	border: pos = array([0.16, 0.  ])
14.6066 	EXP 	border: pos = array([0.16, 0.  ])
14.6234 	EXP 	border: pos = array([0.16, 0.  ])
14.6399 	EXP 	border: pos = array([0.16, 0.  ])
14.6405 	DATA 	Mouse:  Left button up, pos=(872,422)
14.6568 	EXP 	border: pos = array([0.16, 0.  ])
14.6736 	EXP 	border: pos = array([0.16, 0.  ])
14.6896 	EXP 	border: pos = array([0.16, 0.  ])
14.7067 	EXP 	border: pos = array([0.16, 0.  ])
14.7235 	EXP 	border: pos = array([0.16, 0.  ])
14.7241 	DATA 	Mouse: Left button down, pos=(872,422)
14.7290 	EXP 	New trial (rep=29, index=0): None
14.7416 	EXP 	border: pos = array([0.16, 0.  ])
14.7416 	EXP 	Trial_Instruction: autoDraw = False
14.7416 	EXP 	DeckA: autoDraw = False
14.7416 	EXP 	DeckB: autoDraw = False
14.7416 	EXP 	DeckC: autoDraw = False
14.7416 	EXP 	DeckD: autoDraw = False
14.7416 	EXP 	border: autoDraw = False
14.7416 	EXP 	totMoney: autoDraw = False
14.7416 	EXP 	Nchoice: autoDraw = False
14.7416 	EXP 	totMoney: text = '50\n0\n2200'
14.7416 	EXP 	Nchoice: text = '10,10,9,0\n29'
14.7416 	EXP 	Trial_Instruction: autoDraw = True
14.7416 	EXP 	DeckA: autoDraw = True
14.7416 	EXP 	DeckB: autoDraw = True
14.7416 	EXP 	DeckC: autoDraw = True
14.7416 	EXP 	DeckD: autoDraw = True
14.7416 	EXP 	border: autoDraw = True
14.7416 	EXP 	border: pos = array([0.16, 0.  ])
14.7416 	EXP 	totMoney: autoDraw = True
14.7416 	EXP 	Nchoice: autoDraw = True
14.7569 	EXP 	border: pos = array([0.16, 0.  ])
14.7730 	EXP 	border: pos = array([0.16, 0.  ])
14.7897 	EXP 	border: pos = array([0.16, 0.  ])
14.8068 	EXP 	border: pos = array([0.16, 0.  ])
14.8235 	EXP 	border: pos = array([0.16, 0.  ])
14.8242 	DATA 	Mouse:  Left button up, pos=(872,422)
14.8401 	EXP 	border: pos = array([0.16, 0.  ])
14.8566 	EXP 	border: pos = array([0.16, 0.  ])
14.8739 	EXP 	border: pos = array([0.16, 0.  ])
14.8910 	EXP 	border: pos = array([0.16, 0.  ])
14.8916 	DATA 	Mouse: Left button down, pos=(872,422)
14.8964 	EXP 	New trial (rep=30, index=0): None
14.9090 	EXP 	border: pos = array([0.16, 0.  ])
14.9090 	EXP 	Trial_Instruction: autoDraw = False
14.9090 	EXP 	DeckA: autoDraw = False
14.9090 	EXP 	DeckB: autoDraw = False
14.9090 	EXP 	DeckC: autoDraw = False
14.9090 	EXP 	DeckD: autoDraw = False
14.9090 	EXP 	border: autoDraw = False
14.9090 	EXP 	totMoney: autoDraw = False
14.9090 	EXP 	Nchoice: autoDraw = False
14.9090 	EXP 	totMoney: text = '50\n0\n2250'
14.9090 	EXP 	Nchoice: text = '10,10,10,0\n30'
14.9090 	EXP 	Trial_Instruction: autoDraw = True
14.9090 	EXP 	DeckA: autoDraw = True
14.9090 	EXP 	DeckB: autoDraw = True
14.9090 	EXP 	DeckC: autoDraw = True
14.9090 	EXP 	DeckD: autoDraw = True
14.9090 	EXP 	border: autoDraw = True
14.9090 	EXP 	border: pos = array([0.16, 0.  ])
14.9090 	EXP 	totMoney: autoDraw = True
14.9090 	EXP 	Nchoice: autoDraw = True
14.9232 	EXP 	border: pos = array([0.16, 0.  ])
14.9400 	EXP 	border: pos = array([0.16, 0.  ])
14.9565 	EXP 	border: pos = array([0.16, 0.  ])
14.9736 	EXP 	border: pos = array([0.16, 0.  ])
14.9900 	EXP 	border: pos = array([0.16, 0.  ])
14.9906 	DATA 	Mouse:  Left button up, pos=(872,422)
15.0066 	EXP 	border: pos = array([0.16, 0.  ])
15.0230 	EXP 	border: pos = array([0.16, 0.  ])
15.0396 	EXP 	border: pos = array([0.16, 0.  ])
15.0571 	EXP 	border: pos = array([0.16, 0.  ])
15.0731 	EXP 	border: pos = array([0.16, 0.  ])
15.0901 	EXP 	border: pos = array([0.16, 0.  ])
15.1063 	EXP 	border: pos = array([0.16, 0.  ])
15.1228 	EXP 	border: pos = array([0.16, 0.  ])
15.1399 	EXP 	border: pos = array([0.16, 0.  ])
15.1564 	EXP 	border: pos = array([0.16, 0.  ])
15.1731 	EXP 	border: pos = array([0.16, 0.  ])
15.1897 	EXP 	border: pos = array([0.16, 0.  ])
15.2064 	EXP 	border: pos = array([0.16, 0.  ])
15.2239 	EXP 	border: pos = array([0.16, 0.  ])
15.2401 	EXP 	border: pos = array([0.16, 0.  ])
15.2566 	EXP 	border: pos = array([0.16, 0.  ])
15.2734 	EXP 	border: pos = array([0.16, 0.  ])
15.2907 	EXP 	border: pos = array([0.16, 0.  ])
15.3065 	EXP 	border: pos = array([0.16, 0.  ])
15.3234 	EXP 	border: pos = array([0.16, 0.  ])
15.3404 	EXP 	border: pos = array([0.16, 0.  ])
15.3575 	EXP 	border: pos = array([0.5, 0. ])
15.3735 	EXP 	border: pos = array([0.5, 0. ])
15.3898 	EXP 	border: pos = array([0.5, 0. ])
15.4071 	EXP 	border: pos = array([0.5, 0. ])
15.4232 	EXP 	border: pos = array([0.5, 0. ])
15.4401 	EXP 	border: pos = array([0.5, 0. ])
15.4566 	EXP 	border: pos = array([0.5, 0. ])
15.4727 	EXP 	border: pos = array([0.5, 0. ])
15.4904 	EXP 	border: pos = array([0.5, 0. ])
15.5064 	EXP 	border: pos = array([0.5, 0. ])
15.5229 	EXP 	border: pos = array([0.5, 0. ])
15.5400 	EXP 	border: pos = array([0.5, 0. ])
15.5567 	EXP 	border: pos = array([0.5, 0. ])
15.5729 	EXP 	border: pos = array([0.5, 0. ])
15.5899 	EXP 	border: pos = array([0.5, 0. ])
15.6065 	EXP 	border: pos = array([0.5, 0. ])
15.6240 	EXP 	border: pos = array([0.5, 0. ])
15.6398 	EXP 	border: pos = array([0.5, 0. ])
15.6567 	EXP 	border: pos = array([0.5, 0. ])
15.6606 	DATA 	Mouse: Left button down, pos=(1176,436)
15.6608 	DATA 	Mouse:  Left button up, pos=(1176,436)
15.6609 	DATA 	Mouse: Left button down, pos=(1176,436)
15.6733 	EXP 	border: pos = array([0.5, 0. ])
15.6785 	EXP 	New trial (rep=31, index=0): None
15.6911 	EXP 	border: pos = array([0.5, 0. ])
15.6911 	EXP 	Trial_Instruction: autoDraw = False
15.6911 	EXP 	DeckA: autoDraw = False
15.6911 	EXP 	DeckB: autoDraw = False
15.6911 	EXP 	DeckC: autoDraw = False
15.6911 	EXP 	DeckD: autoDraw = False
15.6911 	EXP 	border: autoDraw = False
15.6911 	EXP 	totMoney: autoDraw = False
15.6911 	EXP 	Nchoice: autoDraw = False
15.6911 	EXP 	totMoney: text = '100\n-250\n2100'
15.6911 	EXP 	Nchoice: text = '10,10,10,1\n31'
15.6911 	EXP 	Trial_Instruction: autoDraw = True
15.6911 	EXP 	DeckA: autoDraw = True
15.6911 	EXP 	DeckB: autoDraw = True
15.6911 	EXP 	DeckC: autoDraw = True
15.6911 	EXP 	DeckD: autoDraw = True
15.6911 	EXP 	border: autoDraw = True
15.6911 	EXP 	border: pos = array([0.5, 0. ])
15.6911 	EXP 	totMoney: autoDraw = True
15.6911 	EXP 	Nchoice: autoDraw = True
15.7065 	EXP 	border: pos = array([0.5, 0. ])
15.7232 	EXP 	border: pos = array([0.5, 0. ])
15.7403 	EXP 	border: pos = array([0.5, 0. ])
15.7565 	EXP 	border: pos = array([0.5, 0. ])
15.7599 	DATA 	Mouse:  Left button up, pos=(1176,436)
15.7736 	EXP 	border: pos = array([0.5, 0. ])
15.7906 	EXP 	border: pos = array([0.5, 0. ])
15.8065 	EXP 	border: pos = array([0.5, 0. ])
15.8237 	EXP 	border: pos = array([0.5, 0. ])
15.8402 	EXP 	border: pos = array([0.5, 0. ])
15.8408 	DATA 	Mouse: Left button down, pos=(1176,436)
15.8457 	EXP 	New trial (rep=32, index=0): None
15.8583 	EXP 	border: pos = array([0.5, 0. ])
15.8583 	EXP 	Trial_Instruction: autoDraw = False
15.8583 	EXP 	DeckA: autoDraw = False
15.8583 	EXP 	DeckB: autoDraw = False
15.8583 	EXP 	DeckC: autoDraw = False
15.8583 	EXP 	DeckD: autoDraw = False
15.8583 	EXP 	border: autoDraw = False
15.8583 	EXP 	totMoney: autoDraw = False
15.8583 	EXP 	Nchoice: autoDraw = False
15.8583 	EXP 	totMoney: text = '100\n-250\n1950'
15.8583 	EXP 	Nchoice: text = '10,10,10,2\n32'
15.8583 	EXP 	Trial_Instruction: autoDraw = True
15.8583 	EXP 	DeckA: autoDraw = True
15.8583 	EXP 	DeckB: autoDraw = True
15.8583 	EXP 	DeckC: autoDraw = True
15.8583 	EXP 	DeckD: autoDraw = True
15.8583 	EXP 	border: autoDraw = True
15.8583 	EXP 	border: pos = array([0.5, 0. ])
15.8583 	EXP 	totMoney: autoDraw = True
15.8583 	EXP 	Nchoice: autoDraw = True
15.8730 	EXP 	border: pos = array([0.5, 0. ])
15.8898 	EXP 	border: pos = array([0.5, 0. ])
15.9066 	EXP 	border: pos = array([0.5, 0. ])
15.9230 	EXP 	border: pos = array([0.5, 0. ])
15.9402 	EXP 	border: pos = array([0.5, 0. ])
15.9408 	DATA 	Mouse:  Left button up, pos=(1176,436)
15.9566 	EXP 	border: pos = array([0.5, 0. ])
15.9734 	EXP 	border: pos = array([0.5, 0. ])
15.9902 	EXP 	border: pos = array([0.5, 0. ])
16.0068 	EXP 	border: pos = array([0.5, 0. ])
16.0234 	EXP 	border: pos = array([0.5, 0. ])
16.0239 	DATA 	Mouse: Left button down, pos=(1176,436)
16.0288 	EXP 	New trial (rep=33, index=0): None
16.0419 	EXP 	border: pos = array([0.5, 0. ])
16.0419 	EXP 	Trial_Instruction: autoDraw = False
16.0419 	EXP 	DeckA: autoDraw = False
16.0419 	EXP 	DeckB: autoDraw = False
16.0419 	EXP 	DeckC: autoDraw = False
16.0419 	EXP 	DeckD: autoDraw = False
16.0419 	EXP 	border: autoDraw = False
16.0419 	EXP 	totMoney: autoDraw = False
16.0419 	EXP 	Nchoice: autoDraw = False
16.0419 	EXP 	totMoney: text = '100\n0\n2050'
16.0419 	EXP 	Nchoice: text = '10,10,10,3\n33'
16.0419 	EXP 	Trial_Instruction: autoDraw = True
16.0419 	EXP 	DeckA: autoDraw = True
16.0419 	EXP 	DeckB: autoDraw = True
16.0419 	EXP 	DeckC: autoDraw = True
16.0419 	EXP 	DeckD: autoDraw = True
16.0419 	EXP 	border: autoDraw = True
16.0419 	EXP 	border: pos = array([0.5, 0. ])
16.0419 	EXP 	totMoney: autoDraw = True
16.0419 	EXP 	Nchoice: autoDraw = True
16.0564 	EXP 	border: pos = array([0.5, 0. ])
16.0732 	EXP 	border: pos = array([0.5, 0. ])
16.0900 	EXP 	border: pos = array([0.5, 0. ])
16.1067 	EXP 	border: pos = array([0.5, 0. ])
16.1100 	DATA 	Mouse:  Left button up, pos=(1176,436)
16.1233 	EXP 	border: pos = array([0.5, 0. ])
16.1400 	EXP 	border: pos = array([0.5, 0. ])
16.1566 	EXP 	border: pos = array([0.5, 0. ])
16.1732 	EXP 	border: pos = array([0.5, 0. ])
16.1899 	EXP 	border: pos = array([0.5, 0. ])
16.2065 	EXP 	border: pos = array([0.5, 0. ])
16.2073 	DATA 	Mouse: Left button down, pos=(1176,436)
16.2124 	EXP 	New trial (rep=34, index=0): None
16.2260 	EXP 	border: pos = array([0.5, 0. ])
16.2260 	EXP 	Trial_Instruction: autoDraw = False
16.2260 	EXP 	DeckA: autoDraw = False
16.2260 	EXP 	DeckB: autoDraw = False
16.2260 	EXP 	DeckC: autoDraw = False
16.2260 	EXP 	DeckD: autoDraw = False
16.2260 	EXP 	border: autoDraw = False
16.2260 	EXP 	totMoney: autoDraw = False
16.2260 	EXP 	Nchoice: autoDraw = False
16.2260 	EXP 	totMoney: text = '100\n-250\n1900'
16.2260 	EXP 	Nchoice: text = '10,10,10,4\n34'
16.2260 	EXP 	Trial_Instruction: autoDraw = True
16.2260 	EXP 	DeckA: autoDraw = True
16.2260 	EXP 	DeckB: autoDraw = True
16.2260 	EXP 	DeckC: autoDraw = True
16.2260 	EXP 	DeckD: autoDraw = True
16.2260 	EXP 	border: autoDraw = True
16.2260 	EXP 	border: pos = array([0.5, 0. ])
16.2260 	EXP 	totMoney: autoDraw = True
16.2260 	EXP 	Nchoice: autoDraw = True
16.2398 	EXP 	border: pos = array([0.5, 0. ])
16.2569 	EXP 	border: pos = array([0.5, 0. ])
16.2731 	EXP 	border: pos = array([0.5, 0. ])
16.2897 	EXP 	border: pos = array([0.5, 0. ])
16.2904 	DATA 	Mouse:  Left button up, pos=(1176,436)
16.3072 	EXP 	border: pos = array([0.5, 0. ])
16.3233 	EXP 	border: pos = array([0.5, 0. ])
16.3396 	EXP 	border: pos = array([0.5, 0. ])
16.3567 	EXP 	border: pos = array([0.5, 0. ])
16.3734 	EXP 	border: pos = array([0.5, 0. ])
16.3898 	EXP 	border: pos = array([0.5, 0. ])
16.3904 	DATA 	Mouse: Left button down, pos=(1176,436)
16.3953 	EXP 	New trial (rep=35, index=0): None
16.4077 	EXP 	border: pos = array([0.5, 0. ])
16.4077 	EXP 	Trial_Instruction: autoDraw = False
16.4077 	EXP 	DeckA: autoDraw = False
16.4077 	EXP 	DeckB: autoDraw = False
16.4077 	EXP 	DeckC: autoDraw = False
16.4077 	EXP 	DeckD: autoDraw = False
16.4077 	EXP 	border: autoDraw = False
16.4077 	EXP 	totMoney: autoDraw = False
16.4077 	EXP 	Nchoice: autoDraw = False
16.4077 	EXP 	totMoney: text = '100\n0\n2000'
16.4077 	EXP 	Nchoice: text = '10,10,10,5\n35'
16.4077 	EXP 	Trial_Instruction: autoDraw = True
16.4077 	EXP 	DeckA: autoDraw = True
16.4077 	EXP 	DeckB: autoDraw = True
16.4077 	EXP 	DeckC: autoDraw = True
16.4077 	EXP 	DeckD: autoDraw = True
16.4077 	EXP 	border: autoDraw = True
16.4077 	EXP 	border: pos = array([0.5, 0. ])
16.4077 	EXP 	totMoney: autoDraw = True
16.4077 	EXP 	Nchoice: autoDraw = True
16.4240 	EXP 	border: pos = array([0.5, 0. ])
16.4400 	EXP 	border: pos = array([0.5, 0. ])
16.4568 	EXP 	border: pos = array([0.5, 0. ])
16.4573 	DATA 	Mouse:  Left button up, pos=(1176,436)
16.4732 	EXP 	border: pos = array([0.5, 0. ])
16.4896 	EXP 	border: pos = array([0.5, 0. ])
16.5065 	EXP 	border: pos = array([0.5, 0. ])
16.5229 	EXP 	border: pos = array([0.5, 0. ])
16.5401 	EXP 	border: pos = array([0.5, 0. ])
16.5568 	EXP 	border: pos = array([0.5, 0. ])
16.5574 	DATA 	Mouse: Left button down, pos=(1176,436)
16.5623 	EXP 	New trial (rep=36, index=0): None
16.5752 	EXP 	border: pos = array([0.5, 0. ])
16.5752 	EXP 	Trial_Instruction: autoDraw = False
16.5752 	EXP 	DeckA: autoDraw = False
16.5752 	EXP 	DeckB: autoDraw = False
16.5752 	EXP 	DeckC: autoDraw = False
16.5752 	EXP 	DeckD: autoDraw = False
16.5752 	EXP 	border: autoDraw = False
16.5752 	EXP 	totMoney: autoDraw = False
16.5752 	EXP 	Nchoice: autoDraw = False
16.5752 	EXP 	totMoney: text = '100\n-250\n1850'
16.5752 	EXP 	Nchoice: text = '10,10,10,6\n36'
16.5752 	EXP 	Trial_Instruction: autoDraw = True
16.5752 	EXP 	DeckA: autoDraw = True
16.5752 	EXP 	DeckB: autoDraw = True
16.5752 	EXP 	DeckC: autoDraw = True
16.5752 	EXP 	DeckD: autoDraw = True
16.5752 	EXP 	border: autoDraw = True
16.5752 	EXP 	border: pos = array([0.5, 0. ])
16.5752 	EXP 	totMoney: autoDraw = True
16.5752 	EXP 	Nchoice: autoDraw = True
16.5899 	EXP 	border: pos = array([0.5, 0. ])
16.6070 	EXP 	border: pos = array([0.5, 0. ])
16.6232 	EXP 	border: pos = array([0.5, 0. ])
16.6238 	DATA 	Mouse:  Left button up, pos=(1176,436)
16.6400 	EXP 	border: pos = array([0.5, 0. ])
16.6568 	EXP 	border: pos = array([0.5, 0. ])
16.6731 	EXP 	border: pos = array([0.5, 0. ])
16.6901 	EXP 	border: pos = array([0.5, 0. ])
16.7070 	EXP 	border: pos = array([0.5, 0. ])
16.7230 	EXP 	border: pos = array([0.5, 0. ])
16.7236 	DATA 	Mouse: Left button down, pos=(1176,436)
16.7284 	EXP 	New trial (rep=37, index=0): None
16.7415 	EXP 	border: pos = array([0.5, 0. ])
16.7415 	EXP 	Trial_Instruction: autoDraw = False
16.7415 	EXP 	DeckA: autoDraw = False
16.7415 	EXP 	DeckB: autoDraw = False
16.7415 	EXP 	DeckC: autoDraw = False
16.7415 	EXP 	DeckD: autoDraw = False
16.7415 	EXP 	border: autoDraw = False
16.7415 	EXP 	totMoney: autoDraw = False
16.7415 	EXP 	Nchoice: autoDraw = False
16.7415 	EXP 	totMoney: text = '100\n0\n1950'
16.7415 	EXP 	Nchoice: text = '10,10,10,7\n37'
16.7415 	EXP 	Trial_Instruction: autoDraw = True
16.7415 	EXP 	DeckA: autoDraw = True
16.7415 	EXP 	DeckB: autoDraw = True
16.7415 	EXP 	DeckC: autoDraw = True
16.7415 	EXP 	DeckD: autoDraw = True
16.7415 	EXP 	border: autoDraw = True
16.7415 	EXP 	border: pos = array([0.5, 0. ])
16.7415 	EXP 	totMoney: autoDraw = True
16.7415 	EXP 	Nchoice: autoDraw = True
16.7568 	EXP 	border: pos = array([0.5, 0. ])
16.7730 	EXP 	border: pos = array([0.5, 0. ])
16.7901 	EXP 	border: pos = array([0.5, 0. ])
16.8068 	EXP 	border: pos = array([0.5, 0. ])
16.8074 	DATA 	Mouse:  Left button up, pos=(1176,436)
16.8236 	EXP 	border: pos = array([0.5, 0. ])
16.8402 	EXP 	border: pos = array([0.5, 0. ])
16.8567 	EXP 	border: pos = array([0.5, 0. ])
16.8733 	EXP 	border: pos = array([0.5, 0. ])
16.8899 	EXP 	border: pos = array([0.5, 0. ])
16.8906 	DATA 	Mouse: Left button down, pos=(1176,436)
16.8955 	EXP 	New trial (rep=38, index=0): None
16.9079 	EXP 	border: pos = array([0.5, 0. ])
16.9079 	EXP 	Trial_Instruction: autoDraw = False
16.9079 	EXP 	DeckA: autoDraw = False
16.9079 	EXP 	DeckB: autoDraw = False
16.9079 	EXP 	DeckC: autoDraw = False
16.9079 	EXP 	DeckD: autoDraw = False
16.9079 	EXP 	border: autoDraw = False
16.9079 	EXP 	totMoney: autoDraw = False
16.9079 	EXP 	Nchoice: autoDraw = False
16.9079 	EXP 	totMoney: text = '100\n0\n2050'
16.9079 	EXP 	Nchoice: text = '10,10,10,8\n38'
16.9079 	EXP 	Trial_Instruction: autoDraw = True
16.9079 	EXP 	DeckA: autoDraw = True
16.9079 	EXP 	DeckB: autoDraw = True
16.9079 	EXP 	DeckC: autoDraw = True
16.9079 	EXP 	DeckD: autoDraw = True
16.9079 	EXP 	border: autoDraw = True
16.9079 	EXP 	border: pos = array([0.5, 0. ])
16.9079 	EXP 	totMoney: autoDraw = True
16.9079 	EXP 	Nchoice: autoDraw = True
16.9230 	EXP 	border: pos = array([0.5, 0. ])
16.9399 	EXP 	border: pos = array([0.5, 0. ])
16.9568 	EXP 	border: pos = array([0.5, 0. ])
16.9732 	EXP 	border: pos = array([0.5, 0. ])
16.9898 	EXP 	border: pos = array([0.5, 0. ])
16.9904 	DATA 	Mouse:  Left button up, pos=(1176,436)
17.0067 	EXP 	border: pos = array([0.5, 0. ])
17.0230 	EXP 	border: pos = array([0.5, 0. ])
17.0400 	EXP 	border: pos = array([0.5, 0. ])
17.0566 	EXP 	border: pos = array([0.5, 0. ])
17.0731 	EXP 	border: pos = array([0.5, 0. ])
17.0736 	DATA 	Mouse: Left button down, pos=(1176,436)
17.0785 	EXP 	New trial (rep=39, index=0): None
17.0914 	EXP 	border: pos = array([0.5, 0. ])
17.0914 	EXP 	Trial_Instruction: autoDraw = False
17.0914 	EXP 	DeckA: autoDraw = False
17.0914 	EXP 	DeckB: autoDraw = False
17.0914 	EXP 	DeckC: autoDraw = False
17.0914 	EXP 	DeckD: autoDraw = False
17.0914 	EXP 	border: autoDraw = False
17.0914 	EXP 	totMoney: autoDraw = False
17.0914 	EXP 	Nchoice: autoDraw = False
17.0914 	EXP 	totMoney: text = '100\n-250\n1900'
17.0914 	EXP 	Nchoice: text = '10,10,10,9\n39'
17.0914 	EXP 	Trial_Instruction: autoDraw = True
17.0914 	EXP 	DeckA: autoDraw = True
17.0914 	EXP 	DeckB: autoDraw = True
17.0914 	EXP 	DeckC: autoDraw = True
17.0914 	EXP 	DeckD: autoDraw = True
17.0914 	EXP 	border: autoDraw = True
17.0914 	EXP 	border: pos = array([0.5, 0. ])
17.0914 	EXP 	totMoney: autoDraw = True
17.0914 	EXP 	Nchoice: autoDraw = True
17.1061 	EXP 	border: pos = array([0.5, 0. ])
17.1231 	EXP 	border: pos = array([0.5, 0. ])
17.1399 	EXP 	border: pos = array([0.5, 0. ])
17.1566 	EXP 	border: pos = array([0.5, 0. ])
17.1737 	EXP 	border: pos = array([0.5, 0. ])
17.1899 	EXP 	border: pos = array([0.5, 0. ])
17.1908 	DATA 	Mouse:  Left button up, pos=(1176,436)
17.2068 	EXP 	border: pos = array([0.5, 0. ])
17.2289 	EXP 	border: pos = array([0.5, 0. ])
17.2397 	EXP 	border: pos = array([0.5, 0. ])
17.2563 	EXP 	border: pos = array([0.5, 0. ])
17.2732 	EXP 	border: pos = array([0.5, 0. ])
17.2895 	EXP 	border: pos = array([0.5, 0. ])
17.3070 	EXP 	border: pos = array([0.5, 0. ])
17.3231 	EXP 	border: pos = array([0.5, 0. ])
17.3395 	EXP 	border: pos = array([0.5, 0. ])
17.3564 	EXP 	border: pos = array([0.5, 0. ])
17.3732 	EXP 	border: pos = array([0.5, 0. ])
17.3902 	EXP 	border: pos = array([0.5, 0. ])
17.4068 	EXP 	border: pos = array([0.5, 0. ])
17.4231 	EXP 	border: pos = array([0.5, 0. ])
17.4238 	DATA 	Mouse: Left button down, pos=(1176,436)
17.4287 	EXP 	New trial (rep=40, index=0): None
17.4413 	EXP 	border: pos = array([0.5, 0. ])
17.4413 	EXP 	Trial_Instruction: autoDraw = False
17.4413 	EXP 	DeckA: autoDraw = False
17.4413 	EXP 	DeckB: autoDraw = False
17.4413 	EXP 	DeckC: autoDraw = False
17.4413 	EXP 	DeckD: autoDraw = False
17.4413 	EXP 	border: autoDraw = False
17.4413 	EXP 	totMoney: autoDraw = False
17.4413 	EXP 	Nchoice: autoDraw = False
17.4413 	EXP 	totMoney: text = '100\n0\n2000'
17.4413 	EXP 	Nchoice: text = '10,10,10,10\n40'
17.4413 	EXP 	Trial_Instruction: autoDraw = True
17.4413 	EXP 	DeckA: autoDraw = True
17.4413 	EXP 	DeckB: autoDraw = True
17.4413 	EXP 	DeckC: autoDraw = True
17.4413 	EXP 	DeckD: autoDraw = True
17.4413 	EXP 	border: autoDraw = True
17.4413 	EXP 	border: pos = array([0.5, 0. ])
17.4413 	EXP 	totMoney: autoDraw = True
17.4413 	EXP 	Nchoice: autoDraw = True
17.4564 	EXP 	border: pos = array([0.5, 0. ])
17.4733 	EXP 	border: pos = array([0.5, 0. ])
17.4898 	EXP 	border: pos = array([0.5, 0. ])
17.5068 	EXP 	border: pos = array([0.5, 0. ])
17.5101 	DATA 	Mouse:  Left button up, pos=(1176,436)
17.5234 	EXP 	border: pos = array([0.5, 0. ])
17.5401 	EXP 	border: pos = array([0.5, 0. ])
17.5566 	EXP 	border: pos = array([0.5, 0. ])
17.5730 	EXP 	border: pos = array([0.5, 0. ])
17.5900 	EXP 	border: pos = array([0.5, 0. ])
17.6064 	EXP 	border: pos = array([0.5, 0. ])
17.6234 	EXP 	border: pos = array([0.5, 0. ])
17.6395 	EXP 	border: pos = array([0.5, 0. ])
17.6572 	EXP 	border: pos = array([0.5, 0. ])
17.6579 	DATA 	Mouse: Left button down, pos=(1176,436)
17.6628 	EXP 	New trial (rep=41, index=0): None
17.6760 	EXP 	border: pos = array([0.5, 0. ])
17.6760 	EXP 	Trial_Instruction: autoDraw = False
17.6760 	EXP 	DeckA: autoDraw = False
17.6760 	EXP 	DeckB: autoDraw = False
17.6760 	EXP 	DeckC: autoDraw = False
17.6760 	EXP 	DeckD: autoDraw = False
17.6760 	EXP 	border: autoDraw = False
17.6760 	EXP 	totMoney: autoDraw = False
17.6760 	EXP 	Nchoice: autoDraw = False
17.6760 	EXP 	totMoney: text = '100\n-250\n1850'
17.6760 	EXP 	Nchoice: text = '10,10,10,11\n41'
17.6760 	EXP 	Trial_Instruction: autoDraw = True
17.6760 	EXP 	DeckA: autoDraw = True
17.6760 	EXP 	DeckB: autoDraw = True
17.6760 	EXP 	DeckC: autoDraw = True
17.6760 	EXP 	DeckD: autoDraw = True
17.6760 	EXP 	border: autoDraw = True
17.6760 	EXP 	border: pos = array([0.5, 0. ])
17.6760 	EXP 	totMoney: autoDraw = True
17.6760 	EXP 	Nchoice: autoDraw = True
17.6901 	EXP 	border: pos = array([0.5, 0. ])
17.7061 	EXP 	border: pos = array([0.5, 0. ])
17.7229 	EXP 	border: pos = array([0.5, 0. ])
17.7398 	EXP 	border: pos = array([0.5, 0. ])
17.7404 	DATA 	Mouse:  Left button up, pos=(1176,436)
17.7566 	EXP 	border: pos = array([0.5, 0. ])
17.7731 	EXP 	border: pos = array([0.5, 0. ])
17.7898 	EXP 	border: pos = array([0.5, 0. ])
17.8068 	EXP 	border: pos = array([0.5, 0. ])
17.8229 	EXP 	border: pos = array([0.5, 0. ])
17.8264 	DATA 	Mouse: Left button down, pos=(1176,436)
17.8401 	EXP 	border: pos = array([0.5, 0. ])
17.8452 	EXP 	New trial (rep=42, index=0): None
17.8578 	EXP 	border: pos = array([0.5, 0. ])
17.8578 	EXP 	Trial_Instruction: autoDraw = False
17.8578 	EXP 	DeckA: autoDraw = False
17.8578 	EXP 	DeckB: autoDraw = False
17.8578 	EXP 	DeckC: autoDraw = False
17.8578 	EXP 	DeckD: autoDraw = False
17.8578 	EXP 	border: autoDraw = False
17.8578 	EXP 	totMoney: autoDraw = False
17.8578 	EXP 	Nchoice: autoDraw = False
17.8578 	EXP 	totMoney: text = '100\n0\n1950'
17.8578 	EXP 	Nchoice: text = '10,10,10,12\n42'
17.8578 	EXP 	Trial_Instruction: autoDraw = True
17.8578 	EXP 	DeckA: autoDraw = True
17.8578 	EXP 	DeckB: autoDraw = True
17.8578 	EXP 	DeckC: autoDraw = True
17.8578 	EXP 	DeckD: autoDraw = True
17.8578 	EXP 	border: autoDraw = True
17.8578 	EXP 	border: pos = array([0.5, 0. ])
17.8578 	EXP 	totMoney: autoDraw = True
17.8578 	EXP 	Nchoice: autoDraw = True
17.8738 	EXP 	border: pos = array([0.5, 0. ])
17.8899 	EXP 	border: pos = array([0.5, 0. ])
17.9069 	EXP 	border: pos = array([0.5, 0. ])
17.9102 	DATA 	Mouse:  Left button up, pos=(1176,436)
17.9233 	EXP 	border: pos = array([0.5, 0. ])
17.9400 	EXP 	border: pos = array([0.5, 0. ])
17.9566 	EXP 	border: pos = array([0.5, 0. ])
17.9735 	EXP 	border: pos = array([0.5, 0. ])
17.9901 	EXP 	border: pos = array([0.5, 0. ])
18.0069 	EXP 	border: pos = array([0.5, 0. ])
18.0074 	DATA 	Mouse: Left button down, pos=(1176,436)
18.0123 	EXP 	New trial (rep=43, index=0): None
18.0250 	EXP 	border: pos = array([0.5, 0. ])
18.0250 	EXP 	Trial_Instruction: autoDraw = False
18.0250 	EXP 	DeckA: autoDraw = False
18.0250 	EXP 	DeckB: autoDraw = False
18.0250 	EXP 	DeckC: autoDraw = False
18.0250 	EXP 	DeckD: autoDraw = False
18.0250 	EXP 	border: autoDraw = False
18.0250 	EXP 	totMoney: autoDraw = False
18.0250 	EXP 	Nchoice: autoDraw = False
18.0250 	EXP 	totMoney: text = '100\n0\n2050'
18.0250 	EXP 	Nchoice: text = '10,10,10,13\n43'
18.0250 	EXP 	Trial_Instruction: autoDraw = True
18.0250 	EXP 	DeckA: autoDraw = True
18.0250 	EXP 	DeckB: autoDraw = True
18.0250 	EXP 	DeckC: autoDraw = True
18.0250 	EXP 	DeckD: autoDraw = True
18.0250 	EXP 	border: autoDraw = True
18.0250 	EXP 	border: pos = array([0.5, 0. ])
18.0250 	EXP 	totMoney: autoDraw = True
18.0250 	EXP 	Nchoice: autoDraw = True
18.0397 	EXP 	border: pos = array([0.5, 0. ])
18.0568 	EXP 	border: pos = array([0.5, 0. ])
18.0736 	EXP 	border: pos = array([0.5, 0. ])
18.0906 	EXP 	border: pos = array([0.5, 0. ])
18.0915 	DATA 	Mouse:  Left button up, pos=(1176,436)
18.1072 	EXP 	border: pos = array([0.5, 0. ])
18.1234 	EXP 	border: pos = array([0.5, 0. ])
18.1400 	EXP 	border: pos = array([0.5, 0. ])
18.1564 	EXP 	border: pos = array([0.5, 0. ])
18.1733 	EXP 	border: pos = array([0.5, 0. ])
18.1770 	DATA 	Mouse: Left button down, pos=(1176,436)
18.1898 	EXP 	border: pos = array([0.5, 0. ])
18.1949 	EXP 	New trial (rep=44, index=0): None
18.2078 	EXP 	border: pos = array([0.5, 0. ])
18.2078 	EXP 	Trial_Instruction: autoDraw = False
18.2078 	EXP 	DeckA: autoDraw = False
18.2078 	EXP 	DeckB: autoDraw = False
18.2078 	EXP 	DeckC: autoDraw = False
18.2078 	EXP 	DeckD: autoDraw = False
18.2078 	EXP 	border: autoDraw = False
18.2078 	EXP 	totMoney: autoDraw = False
18.2078 	EXP 	Nchoice: autoDraw = False
18.2078 	EXP 	totMoney: text = '100\n0\n2150'
18.2078 	EXP 	Nchoice: text = '10,10,10,14\n44'
18.2078 	EXP 	Trial_Instruction: autoDraw = True
18.2078 	EXP 	DeckA: autoDraw = True
18.2078 	EXP 	DeckB: autoDraw = True
18.2078 	EXP 	DeckC: autoDraw = True
18.2078 	EXP 	DeckD: autoDraw = True
18.2078 	EXP 	border: autoDraw = True
18.2078 	EXP 	border: pos = array([0.5, 0. ])
18.2078 	EXP 	totMoney: autoDraw = True
18.2078 	EXP 	Nchoice: autoDraw = True
18.2230 	EXP 	border: pos = array([0.5, 0. ])
18.2401 	EXP 	border: pos = array([0.5, 0. ])
18.2561 	EXP 	border: pos = array([0.5, 0. ])
18.2725 	EXP 	border: pos = array([0.5, 0. ])
18.2732 	DATA 	Mouse:  Left button up, pos=(1176,436)
18.2900 	EXP 	border: pos = array([0.5, 0. ])
18.3063 	EXP 	border: pos = array([0.5, 0. ])
18.3231 	EXP 	border: pos = array([0.5, 0. ])
18.3402 	EXP 	border: pos = array([0.5, 0. ])
18.3568 	EXP 	border: pos = array([0.5, 0. ])
18.3574 	DATA 	Mouse: Left button down, pos=(1176,436)
18.3623 	EXP 	New trial (rep=45, index=0): None
18.3750 	EXP 	border: pos = array([0.5, 0. ])
18.3750 	EXP 	Trial_Instruction: autoDraw = False
18.3750 	EXP 	DeckA: autoDraw = False
18.3750 	EXP 	DeckB: autoDraw = False
18.3750 	EXP 	DeckC: autoDraw = False
18.3750 	EXP 	DeckD: autoDraw = False
18.3750 	EXP 	border: autoDraw = False
18.3750 	EXP 	totMoney: autoDraw = False
18.3750 	EXP 	Nchoice: autoDraw = False
18.3750 	EXP 	totMoney: text = '100\n0\n2250'
18.3750 	EXP 	Nchoice: text = '10,10,10,15\n45'
18.3750 	EXP 	Trial_Instruction: autoDraw = True
18.3750 	EXP 	DeckA: autoDraw = True
18.3750 	EXP 	DeckB: autoDraw = True
18.3750 	EXP 	DeckC: autoDraw = True
18.3750 	EXP 	DeckD: autoDraw = True
18.3750 	EXP 	border: autoDraw = True
18.3750 	EXP 	border: pos = array([0.5, 0. ])
18.3750 	EXP 	totMoney: autoDraw = True
18.3750 	EXP 	Nchoice: autoDraw = True
18.3897 	EXP 	border: pos = array([0.5, 0. ])
18.4063 	EXP 	border: pos = array([0.5, 0. ])
18.4229 	EXP 	border: pos = array([0.5, 0. ])
18.4401 	EXP 	border: pos = array([0.5, 0. ])
18.4407 	DATA 	Mouse:  Left button up, pos=(1176,436)
18.4566 	EXP 	border: pos = array([0.5, 0. ])
18.4737 	EXP 	border: pos = array([0.5, 0. ])
18.4900 	EXP 	border: pos = array([0.5, 0. ])
18.5062 	EXP 	border: pos = array([0.5, 0. ])
18.5233 	EXP 	border: pos = array([0.5, 0. ])
18.5405 	EXP 	border: pos = array([0.5, 0. ])
18.5410 	DATA 	Mouse: Left button down, pos=(1176,436)
18.5459 	EXP 	New trial (rep=46, index=0): None
18.5606 	EXP 	border: pos = array([0.5, 0. ])
18.5606 	EXP 	Trial_Instruction: autoDraw = False
18.5606 	EXP 	DeckA: autoDraw = False
18.5606 	EXP 	DeckB: autoDraw = False
18.5606 	EXP 	DeckC: autoDraw = False
18.5606 	EXP 	DeckD: autoDraw = False
18.5606 	EXP 	border: autoDraw = False
18.5606 	EXP 	totMoney: autoDraw = False
18.5606 	EXP 	Nchoice: autoDraw = False
18.5606 	EXP 	totMoney: text = '100\n-250\n2100'
18.5606 	EXP 	Nchoice: text = '10,10,10,16\n46'
18.5606 	EXP 	Trial_Instruction: autoDraw = True
18.5606 	EXP 	DeckA: autoDraw = True
18.5606 	EXP 	DeckB: autoDraw = True
18.5606 	EXP 	DeckC: autoDraw = True
18.5606 	EXP 	DeckD: autoDraw = True
18.5606 	EXP 	border: autoDraw = True
18.5606 	EXP 	border: pos = array([0.5, 0. ])
18.5606 	EXP 	totMoney: autoDraw = True
18.5606 	EXP 	Nchoice: autoDraw = True
18.5727 	EXP 	border: pos = array([0.5, 0. ])
18.5899 	EXP 	border: pos = array([0.5, 0. ])
18.6066 	EXP 	border: pos = array([0.5, 0. ])
18.6234 	EXP 	border: pos = array([0.5, 0. ])
18.6240 	DATA 	Mouse:  Left button up, pos=(1176,436)
18.6398 	EXP 	border: pos = array([0.5, 0. ])
18.6562 	EXP 	border: pos = array([0.5, 0. ])
18.6732 	EXP 	border: pos = array([0.5, 0. ])
18.6896 	EXP 	border: pos = array([0.5, 0. ])
18.7063 	EXP 	border: pos = array([0.5, 0. ])
18.7231 	EXP 	border: pos = array([0.5, 0. ])
18.7240 	DATA 	Mouse: Left button down, pos=(1176,436)
18.7289 	EXP 	New trial (rep=47, index=0): None
18.7427 	EXP 	border: pos = array([0.5, 0. ])
18.7427 	EXP 	Trial_Instruction: autoDraw = False
18.7427 	EXP 	DeckA: autoDraw = False
18.7427 	EXP 	DeckB: autoDraw = False
18.7427 	EXP 	DeckC: autoDraw = False
18.7427 	EXP 	DeckD: autoDraw = False
18.7427 	EXP 	border: autoDraw = False
18.7427 	EXP 	totMoney: autoDraw = False
18.7427 	EXP 	Nchoice: autoDraw = False
18.7427 	EXP 	totMoney: text = '100\n-250\n1950'
18.7427 	EXP 	Nchoice: text = '10,10,10,17\n47'
18.7427 	EXP 	Trial_Instruction: autoDraw = True
18.7427 	EXP 	DeckA: autoDraw = True
18.7427 	EXP 	DeckB: autoDraw = True
18.7427 	EXP 	DeckC: autoDraw = True
18.7427 	EXP 	DeckD: autoDraw = True
18.7427 	EXP 	border: autoDraw = True
18.7427 	EXP 	border: pos = array([0.5, 0. ])
18.7427 	EXP 	totMoney: autoDraw = True
18.7427 	EXP 	Nchoice: autoDraw = True
18.7560 	EXP 	border: pos = array([0.5, 0. ])
18.7729 	EXP 	border: pos = array([0.5, 0. ])
18.7897 	EXP 	border: pos = array([0.5, 0. ])
18.8067 	EXP 	border: pos = array([0.5, 0. ])
18.8074 	DATA 	Mouse:  Left button up, pos=(1176,436)
18.8231 	EXP 	border: pos = array([0.5, 0. ])
18.8396 	EXP 	border: pos = array([0.5, 0. ])
18.8565 	EXP 	border: pos = array([0.5, 0. ])
18.8730 	EXP 	border: pos = array([0.5, 0. ])
18.8898 	EXP 	border: pos = array([0.5, 0. ])
18.9063 	EXP 	border: pos = array([0.5, 0. ])
18.9069 	DATA 	Mouse: Left button down, pos=(1176,436)
18.9118 	EXP 	New trial (rep=48, index=0): None
18.9250 	EXP 	border: pos = array([0.5, 0. ])
18.9250 	EXP 	Trial_Instruction: autoDraw = False
18.9250 	EXP 	DeckA: autoDraw = False
18.9250 	EXP 	DeckB: autoDraw = False
18.9250 	EXP 	DeckC: autoDraw = False
18.9250 	EXP 	DeckD: autoDraw = False
18.9250 	EXP 	border: autoDraw = False
18.9250 	EXP 	totMoney: autoDraw = False
18.9250 	EXP 	Nchoice: autoDraw = False
18.9250 	EXP 	totMoney: text = '100\n-250\n1800'
18.9250 	EXP 	Nchoice: text = '10,10,10,18\n48'
18.9250 	EXP 	Trial_Instruction: autoDraw = True
18.9250 	EXP 	DeckA: autoDraw = True
18.9250 	EXP 	DeckB: autoDraw = True
18.9250 	EXP 	DeckC: autoDraw = True
18.9250 	EXP 	DeckD: autoDraw = True
18.9250 	EXP 	border: autoDraw = True
18.9250 	EXP 	border: pos = array([0.5, 0. ])
18.9250 	EXP 	totMoney: autoDraw = True
18.9250 	EXP 	Nchoice: autoDraw = True
18.9400 	EXP 	border: pos = array([0.5, 0. ])
18.9567 	EXP 	border: pos = array([0.5, 0. ])
18.9732 	EXP 	border: pos = array([0.5, 0. ])
18.9894 	EXP 	border: pos = array([0.5, 0. ])
18.9900 	DATA 	Mouse:  Left button up, pos=(1176,436)
19.0073 	EXP 	border: pos = array([0.5, 0. ])
19.0229 	EXP 	border: pos = array([0.5, 0. ])
19.0399 	EXP 	border: pos = array([0.5, 0. ])
19.0568 	EXP 	border: pos = array([0.5, 0. ])
19.0731 	EXP 	border: pos = array([0.5, 0. ])
19.0741 	DATA 	Mouse: Left button down, pos=(1176,436)
19.0792 	EXP 	New trial (rep=49, index=0): None
19.0927 	EXP 	border: pos = array([0.5, 0. ])
19.0927 	EXP 	Trial_Instruction: autoDraw = False
19.0927 	EXP 	DeckA: autoDraw = False
19.0927 	EXP 	DeckB: autoDraw = False
19.0927 	EXP 	DeckC: autoDraw = False
19.0927 	EXP 	DeckD: autoDraw = False
19.0927 	EXP 	border: autoDraw = False
19.0927 	EXP 	totMoney: autoDraw = False
19.0927 	EXP 	Nchoice: autoDraw = False
19.0927 	EXP 	totMoney: text = '100\n-250\n1650'
19.0927 	EXP 	Nchoice: text = '10,10,10,19\n49'
19.0927 	EXP 	Trial_Instruction: autoDraw = True
19.0927 	EXP 	DeckA: autoDraw = True
19.0927 	EXP 	DeckB: autoDraw = True
19.0927 	EXP 	DeckC: autoDraw = True
19.0927 	EXP 	DeckD: autoDraw = True
19.0927 	EXP 	border: autoDraw = True
19.0927 	EXP 	border: pos = array([0.5, 0. ])
19.0927 	EXP 	totMoney: autoDraw = True
19.0927 	EXP 	Nchoice: autoDraw = True
19.1062 	EXP 	border: pos = array([0.5, 0. ])
19.1230 	EXP 	border: pos = array([0.5, 0. ])
19.1398 	EXP 	border: pos = array([0.5, 0. ])
19.1572 	EXP 	border: pos = array([0.5, 0. ])
19.1578 	DATA 	Mouse:  Left button up, pos=(1176,436)
19.1731 	EXP 	border: pos = array([0.5, 0. ])
19.1898 	EXP 	border: pos = array([0.5, 0. ])
19.2068 	EXP 	border: pos = array([0.5, 0. ])
19.2236 	EXP 	border: pos = array([0.5, 0. ])
19.2399 	EXP 	border: pos = array([0.5, 0. ])
19.2405 	DATA 	Mouse: Left button down, pos=(1176,436)
19.2567 	EXP 	border: pos = array([0.5, 0. ])
19.2567 	EXP 	Trial_Instruction: autoDraw = False
19.2567 	EXP 	DeckA: autoDraw = False
19.2567 	EXP 	DeckB: autoDraw = False
19.2567 	EXP 	DeckC: autoDraw = False
19.2567 	EXP 	DeckD: autoDraw = False
19.2567 	EXP 	border: autoDraw = False
19.2567 	EXP 	totMoney: autoDraw = False
19.2567 	EXP 	Nchoice: autoDraw = False
19.2829 	EXP 	window1: mouseVisible = True
